#
# There is insufficient memory for the Java Runtime Environment to continue.
# Native memory allocation (malloc) failed to allocate 1586736 bytes for Chunk::new
# Possible reasons:
#   The system is out of physical RAM or swap space
#   The process is running with CompressedOops enabled, and the Java Heap may be blocking the growth of the native heap
# Possible solutions:
#   Reduce memory load on the system
#   Increase physical memory or swap space
#   Check if swap backing store is full
#   Decrease Java heap size (-Xmx/-Xms)
#   Decrease number of Java threads
#   Decrease Java thread stack sizes (-Xss)
#   Set larger code cache with -XX:ReservedCodeCacheSize=
#   JVM is running with Unscaled Compressed Oops mode in which the Java heap is
#     placed in the first 4GB address space. The Java Heap base address is the
#     maximum limit for the native heap growth. Please use -XX:HeapBaseMinAddress
#     to set the Java Heap base and to place the Java Heap above 4GB virtual address.
# This output file may be truncated or incomplete.
#
#  Out of Memory Error (./src/hotspot/share/memory/arena.cpp:197), pid=8308, tid=10380
#
# JRE version: OpenJDK Runtime Environment (11.0.10) (build 11.0.10+0-b96-7249189)
# Java VM: OpenJDK 64-Bit Server VM (11.0.10+0-b96-7249189, mixed mode, tiered, compressed oops, g1 gc, windows-amd64)
# No core dump will be written. Minidumps are not enabled by default on client versions of Windows
#

---------------  S U M M A R Y ------------

Command Line: --add-opens=java.base/java.util=ALL-UNNAMED --add-opens=java.base/java.lang=ALL-UNNAMED --add-opens=java.base/java.lang.invoke=ALL-UNNAMED --add-opens=java.base/java.util=ALL-UNNAMED --add-opens=java.prefs/java.util.prefs=ALL-UNNAMED --add-opens=java.prefs/java.util.prefs=ALL-UNNAMED --add-opens=java.base/java.nio.charset=ALL-UNNAMED --add-opens=java.base/java.net=ALL-UNNAMED --add-opens=java.base/java.util.concurrent.atomic=ALL-UNNAMED -Xmx2048m -Dfile.encoding=UTF-8 -Duser.country=US -Duser.language=en -Duser.variant org.gradle.launcher.daemon.bootstrap.GradleDaemon 7.0.2

Host: Intel(R) Core(TM) i5-9400F CPU @ 2.90GHz, 6 cores, 15G,  Windows 10 , 64 bit Build 17763 (10.0.17763.2028)
Time: Wed Aug 18 16:17:54 2021 Russia TZ 2 Standard Time elapsed time: 306.171385 seconds (0d 0h 5m 6s)

---------------  T H R E A D  ---------------

Current thread (0x00000144b4ab5800):  JavaThread "C2 CompilerThread1" daemon [_thread_in_native, id=10380, stack(0x0000000636d00000,0x0000000636e00000)]


Current CompileTask:
C2: 306171 15703       4       org.gradle.internal.snapshot.DirectorySnapshot$$Lambda$1146/0x0000000100cfc440::accept (20 bytes)

Stack: [0x0000000636d00000,0x0000000636e00000]
Native frames: (J=compiled Java code, j=interpreted, Vv=VM code, C=native code)
V  [jvm.dll+0x5ecfaa]
V  [jvm.dll+0x722bd5]
V  [jvm.dll+0x72412d]
V  [jvm.dll+0x7247e3]
V  [jvm.dll+0x242928]
V  [jvm.dll+0xbc4fc]
V  [jvm.dll+0xbca0c]
V  [jvm.dll+0x352d3b]
V  [jvm.dll+0x19800c]
V  [jvm.dll+0x1fb70e]
V  [jvm.dll+0x1fa7f4]
V  [jvm.dll+0x18354c]
V  [jvm.dll+0x208ee7]
V  [jvm.dll+0x207731]
V  [jvm.dll+0x6eb1cf]
V  [jvm.dll+0x6e3d45]
V  [jvm.dll+0x5ebe96]
C  [ucrtbase.dll+0x2268a]
C  [KERNEL32.DLL+0x17974]
C  [ntdll.dll+0x5a2f1]


---------------  P R O C E S S  ---------------

Threads class SMR info:
_java_thread_list=0x00000144b34dfde0, length=63, elements={
0x000001449690a800, 0x00000144b119f000, 0x00000144b11a0000, 0x00000144b11bd000,
0x00000144b11c0000, 0x00000144b11c1000, 0x00000144b11c4000, 0x00000144b1265800,
0x00000144b1267800, 0x00000144b137e000, 0x00000144b2a7c000, 0x00000144b390d800,
0x00000144b36c0800, 0x00000144b2b72000, 0x00000144b2b73800, 0x00000144b2b76000,
0x00000144b2b74800, 0x00000144b2b70800, 0x00000144b2b77000, 0x00000144b2b72800,
0x00000144b4c9a800, 0x00000144b4ca0000, 0x00000144b4c9e800, 0x00000144b4c9f000,
0x00000144b4c9c000, 0x00000144b4ca2800, 0x00000144b3c13000, 0x00000144b3c0f000,
0x00000144b3c0f800, 0x00000144b3c0e000, 0x00000144b3c15800, 0x00000144b3c14800,
0x00000144b3c16800, 0x00000144b3c10800, 0x00000144b3c17000, 0x00000144b3c11800,
0x00000144b3c1b000, 0x00000144b3c1c000, 0x00000144b3c1d000, 0x00000144b3c18000,
0x00000144b3c19800, 0x00000144b3c1a800, 0x00000144b3c18800, 0x00000144b4ca1000,
0x00000144b4c9b000, 0x00000144b4ca1800, 0x00000144b4c9d800, 0x00000144b4ca8000,
0x00000144b4ca4000, 0x00000144b4ca5000, 0x00000144b4ca9000, 0x00000144b4ca5800,
0x00000144b4ca6800, 0x00000144b4ca7800, 0x00000144b2b75000, 0x00000144b2b71000,
0x00000144b4ab4800, 0x00000144b4ab7000, 0x00000144b4ab8800, 0x00000144b4ab9800,
0x00000144b4aba800, 0x00000144b4ab6800, 0x00000144b4ab5800
}

Java Threads: ( => current thread )
  0x000001449690a800 JavaThread "main" [_thread_blocked, id=10572, stack(0x0000000634e00000,0x0000000634f00000)]
  0x00000144b119f000 JavaThread "Reference Handler" daemon [_thread_blocked, id=1628, stack(0x0000000635500000,0x0000000635600000)]
  0x00000144b11a0000 JavaThread "Finalizer" daemon [_thread_blocked, id=10088, stack(0x0000000635600000,0x0000000635700000)]
  0x00000144b11bd000 JavaThread "Signal Dispatcher" daemon [_thread_blocked, id=8288, stack(0x0000000635700000,0x0000000635800000)]
  0x00000144b11c0000 JavaThread "Attach Listener" daemon [_thread_blocked, id=600, stack(0x0000000635800000,0x0000000635900000)]
  0x00000144b11c1000 JavaThread "Service Thread" daemon [_thread_blocked, id=9552, stack(0x0000000635900000,0x0000000635a00000)]
  0x00000144b11c4000 JavaThread "C2 CompilerThread0" daemon [_thread_in_native, id=11256, stack(0x0000000635a00000,0x0000000635b00000)]
  0x00000144b1265800 JavaThread "C1 CompilerThread0" daemon [_thread_blocked, id=10780, stack(0x0000000635b00000,0x0000000635c00000)]
  0x00000144b1267800 JavaThread "Sweeper thread" daemon [_thread_blocked, id=8460, stack(0x0000000635c00000,0x0000000635d00000)]
  0x00000144b137e000 JavaThread "Common-Cleaner" daemon [_thread_blocked, id=9292, stack(0x0000000635d00000,0x0000000635e00000)]
  0x00000144b2a7c000 JavaThread "Daemon health stats" [_thread_blocked, id=6132, stack(0x0000000636500000,0x0000000636600000)]
  0x00000144b390d800 JavaThread "Incoming local TCP Connector on port 59439" [_thread_in_native, id=8320, stack(0x0000000636600000,0x0000000636700000)]
  0x00000144b36c0800 JavaThread "Daemon periodic checks" [_thread_blocked, id=10460, stack(0x0000000636700000,0x0000000636800000)]
  0x00000144b2b72000 JavaThread "Cache worker for file hash cache (C:\Users\Sergey\.gradle\caches\7.0.2\fileHashes)" [_thread_blocked, id=9628, stack(0x0000000636f00000,0x0000000637000000)]
  0x00000144b2b73800 JavaThread "File lock request listener" [_thread_in_native, id=8576, stack(0x0000000637000000,0x0000000637100000)]
  0x00000144b2b76000 JavaThread "Cache worker for journal cache (C:\Users\Sergey\.gradle\caches\journal-1)" [_thread_blocked, id=9680, stack(0x0000000637200000,0x0000000637300000)]
  0x00000144b2b74800 JavaThread "File watcher server" daemon [_thread_in_native, id=5008, stack(0x0000000637400000,0x0000000637500000)]
  0x00000144b2b70800 JavaThread "File watcher consumer" daemon [_thread_blocked, id=7964, stack(0x0000000637500000,0x0000000637600000)]
  0x00000144b2b77000 JavaThread "jar transforms" [_thread_blocked, id=10712, stack(0x0000000637600000,0x0000000637700000)]
  0x00000144b2b72800 JavaThread "jar transforms Thread 2" [_thread_blocked, id=9032, stack(0x0000000637700000,0x0000000637800000)]
  0x00000144b4c9a800 JavaThread "jar transforms Thread 3" [_thread_blocked, id=12196, stack(0x0000000637800000,0x0000000637900000)]
  0x00000144b4ca0000 JavaThread "jar transforms Thread 4" [_thread_blocked, id=4560, stack(0x0000000637900000,0x0000000637a00000)]
  0x00000144b4c9e800 JavaThread "jar transforms Thread 5" [_thread_blocked, id=8392, stack(0x0000000637a00000,0x0000000637b00000)]
  0x00000144b4c9f000 JavaThread "jar transforms Thread 6" [_thread_blocked, id=11152, stack(0x0000000637b00000,0x0000000637c00000)]
  0x00000144b4c9c000 JavaThread "Cache worker for execution history cache (C:\Users\Sergey\.gradle\caches\7.0.2\executionHistory)" [_thread_blocked, id=8376, stack(0x0000000637f00000,0x0000000638000000)]
  0x00000144b4ca2800 JavaThread "Cache worker for file content cache (C:\Users\Sergey\.gradle\caches\7.0.2\fileContent)" [_thread_blocked, id=9588, stack(0x0000000638000000,0x0000000638100000)]
  0x00000144b3c13000 JavaThread "Memory manager" [_thread_blocked, id=9692, stack(0x0000000638900000,0x0000000638a00000)]
  0x00000144b3c0f000 JavaThread "pool-3-thread-1" [_thread_blocked, id=1720, stack(0x0000000638a00000,0x0000000638b00000)]
  0x00000144b3c0f800 JavaThread "Daemon Thread 2" [_thread_blocked, id=10684, stack(0x0000000634b00000,0x0000000634c00000)]
  0x00000144b3c0e000 JavaThread "Handler for socket connection from /127.0.0.1:59439 to /127.0.0.1:53642" [_thread_in_native, id=7288, stack(0x0000000634c00000,0x0000000634d00000)]
  0x00000144b3c15800 JavaThread "Cancel handler" [_thread_blocked, id=6364, stack(0x0000000634d00000,0x0000000634e00000)]
  0x00000144b3c14800 JavaThread "Daemon worker Thread 2" [_thread_blocked, id=7720, stack(0x0000000635f00000,0x0000000636000000)]
  0x00000144b3c16800 JavaThread "Asynchronous log dispatcher for DefaultDaemonConnection: socket connection from /127.0.0.1:59439 to /127.0.0.1:53642" [_thread_blocked, id=3556, stack(0x0000000636800000,0x0000000636900000)]
  0x00000144b3c10800 JavaThread "Stdin handler" [_thread_blocked, id=1584, stack(0x0000000636900000,0x0000000636a00000)]
  0x00000144b3c17000 JavaThread "Daemon client event forwarder" [_thread_blocked, id=12192, stack(0x0000000636a00000,0x0000000636b00000)]
  0x00000144b3c11800 JavaThread "Cache worker for file hash cache (C:\myProject\lesson18\.gradle\7.0.2\fileHashes)" [_thread_blocked, id=1724, stack(0x0000000636b00000,0x0000000636c00000)]
  0x00000144b3c1b000 JavaThread "Cache worker for checksums cache (C:\myProject\lesson18\.gradle\checksums)" [_thread_blocked, id=2704, stack(0x0000000636c00000,0x0000000636d00000)]
  0x00000144b3c1c000 JavaThread "Cache worker for cache directory md-supplier (C:\Users\Sergey\.gradle\caches\7.0.2\md-supplier)" [_thread_blocked, id=1712, stack(0x0000000636e00000,0x0000000636f00000)]
  0x00000144b3c1d000 JavaThread "Cache worker for cache directory md-rule (C:\Users\Sergey\.gradle\caches\7.0.2\md-rule)" [_thread_blocked, id=1068, stack(0x0000000637300000,0x0000000637400000)]
  0x00000144b3c18000 JavaThread "Cache worker for dependencies-accessors (C:\myProject\lesson18\.gradle\7.0.2\dependencies-accessors)" [_thread_blocked, id=8648, stack(0x0000000637c00000,0x0000000637d00000)]
  0x00000144b3c19800 JavaThread "Cache worker for Build Output Cleanup Cache (C:\myProject\lesson18\.gradle\buildOutputCleanup)" [_thread_in_native, id=11824, stack(0x0000000637d00000,0x0000000637e00000)]
  0x00000144b3c1a800 JavaThread "Build operations" [_thread_blocked, id=8076, stack(0x0000000637e00000,0x0000000637f00000)]
  0x00000144b3c18800 JavaThread "Build operations Thread 2" [_thread_blocked, id=10896, stack(0x0000000638100000,0x0000000638200000)]
  0x00000144b4ca1000 JavaThread "Build operations Thread 3" [_thread_blocked, id=9276, stack(0x0000000638200000,0x0000000638300000)]
  0x00000144b4c9b000 JavaThread "Build operations Thread 4" [_thread_blocked, id=2592, stack(0x0000000638300000,0x0000000638400000)]
  0x00000144b4ca1800 JavaThread "Build operations Thread 5" [_thread_blocked, id=8056, stack(0x0000000638400000,0x0000000638500000)]
  0x00000144b4c9d800 JavaThread "Build operations Thread 6" [_thread_blocked, id=10512, stack(0x0000000638500000,0x0000000638600000)]
  0x00000144b4ca8000 JavaThread "build event listener" [_thread_blocked, id=9088, stack(0x0000000638600000,0x0000000638700000)]
  0x00000144b4ca4000 JavaThread "pool-6-thread-1" [_thread_blocked, id=6736, stack(0x0000000638700000,0x0000000638800000)]
  0x00000144b4ca5000 JavaThread "build event listener" [_thread_blocked, id=8448, stack(0x0000000638800000,0x0000000638900000)]
  0x00000144b4ca9000 JavaThread "Execution worker for ':'" [_thread_blocked, id=12120, stack(0x0000000638b00000,0x0000000638c00000)]
  0x00000144b4ca5800 JavaThread "Execution worker for ':' Thread 2" [_thread_blocked, id=11740, stack(0x0000000638c00000,0x0000000638d00000)]
  0x00000144b4ca6800 JavaThread "Execution worker for ':' Thread 3" [_thread_in_Java, id=10672, stack(0x0000000638d00000,0x0000000638e00000)]
  0x00000144b4ca7800 JavaThread "Execution worker for ':' Thread 4" [_thread_blocked, id=11864, stack(0x0000000638e00000,0x0000000638f00000)]
  0x00000144b2b75000 JavaThread "Execution worker for ':' Thread 5" [_thread_blocked, id=12204, stack(0x0000000638f00000,0x0000000639000000)]
  0x00000144b2b71000 JavaThread "Cache worker for execution history cache (C:\myProject\lesson18\.gradle\7.0.2\executionHistory)" [_thread_blocked, id=9068, stack(0x0000000639000000,0x0000000639100000)]
  0x00000144b4ab4800 JavaThread "WorkerExecutor Queue" [_thread_blocked, id=11576, stack(0x0000000639100000,0x0000000639200000)]
  0x00000144b4ab7000 JavaThread "WorkerExecutor Queue Thread 2" [_thread_blocked, id=7800, stack(0x0000000639200000,0x0000000639300000)]
  0x00000144b4ab8800 JavaThread "WorkerExecutor Queue Thread 3" [_thread_in_native, id=2464, stack(0x0000000639300000,0x0000000639400000)]
  0x00000144b4ab9800 JavaThread "WorkerExecutor Queue Thread 4" [_thread_blocked, id=2700, stack(0x0000000639800000,0x0000000639900000)]
  0x00000144b4aba800 JavaThread "WorkerExecutor Queue Thread 5" [_thread_blocked, id=11440, stack(0x0000000639900000,0x0000000639a00000)]
  0x00000144b4ab6800 JavaThread "WorkerExecutor Queue Thread 6" [_thread_blocked, id=2012, stack(0x0000000639a00000,0x0000000639b00000)]
=>0x00000144b4ab5800 JavaThread "C2 CompilerThread1" daemon [_thread_in_native, id=10380, stack(0x0000000636d00000,0x0000000636e00000)]

Other Threads:
  0x00000144b119d000 VMThread "VM Thread" [stack: 0x0000000635400000,0x0000000635500000] [id=5208]
  0x00000144b13a3000 WatcherThread [stack: 0x0000000635e00000,0x0000000635f00000] [id=8812]
  0x0000014496923000 GCTaskThread "GC Thread#0" [stack: 0x0000000634f00000,0x0000000635000000] [id=10840]
  0x00000144b1f1e800 GCTaskThread "GC Thread#1" [stack: 0x0000000636000000,0x0000000636100000] [id=4288]
  0x00000144b1d3e000 GCTaskThread "GC Thread#2" [stack: 0x0000000636100000,0x0000000636200000] [id=10484]
  0x00000144b1d3e800 GCTaskThread "GC Thread#3" [stack: 0x0000000636200000,0x0000000636300000] [id=8952]
  0x00000144b1ee0000 GCTaskThread "GC Thread#4" [stack: 0x0000000636300000,0x0000000636400000] [id=6932]
  0x00000144b1ee0800 GCTaskThread "GC Thread#5" [stack: 0x0000000636400000,0x0000000636500000] [id=500]
  0x0000014496956000 ConcurrentGCThread "G1 Main Marker" [stack: 0x0000000635000000,0x0000000635100000] [id=10704]
  0x0000014496957800 ConcurrentGCThread "G1 Conc#0" [stack: 0x0000000635100000,0x0000000635200000] [id=4204]
  0x00000144b2222800 ConcurrentGCThread "G1 Conc#1" [stack: 0x0000000637100000,0x0000000637200000] [id=8352]
  0x00000144969de000 ConcurrentGCThread "G1 Refine#0" [stack: 0x0000000635200000,0x0000000635300000] [id=368]
  0x00000144b69f9800 ConcurrentGCThread "G1 Refine#1" [stack: 0x0000000639400000,0x0000000639500000] [id=3004]
  0x00000144b69fa800 ConcurrentGCThread "G1 Refine#2" [stack: 0x0000000639500000,0x0000000639600000] [id=4296]
  0x00000144b69f7800 ConcurrentGCThread "G1 Refine#3" [stack: 0x0000000639600000,0x0000000639700000] [id=11848]
  0x00000144b69f8000 ConcurrentGCThread "G1 Refine#4" [stack: 0x0000000639700000,0x0000000639800000] [id=7464]
  0x00000144b07e0800 ConcurrentGCThread "G1 Young RemSet Sampling" [stack: 0x0000000635300000,0x0000000635400000] [id=10716]

Threads with active compile tasks:
C2 CompilerThread0 306189 15920       4       java.io.File::hashCode (8 bytes)
C2 CompilerThread1 306189 15703       4       org.gradle.internal.snapshot.DirectorySnapshot$$Lambda$1146/0x0000000100cfc440::accept (20 bytes)

VM state:not at safepoint (normal execution)

VM Mutex/Monitor currently owned by a thread: None

Heap address: 0x0000000080000000, size: 2048 MB, Compressed Oops mode: 32-bit
Narrow klass base: 0x0000000000000000, Narrow klass shift: 3
Compressed class space size: 1073741824 Address: 0x0000000100000000

Heap:
 garbage-first heap   total 262144K, used 161333K [0x0000000080000000, 0x0000000100000000)
  region size 1024K, 48 young (49152K), 2 survivors (2048K)
 Metaspace       used 119231K, capacity 122406K, committed 122708K, reserved 1157120K
  class space    used 14752K, capacity 15894K, committed 16000K, reserved 1048576K
Heap Regions: E=young(eden), S=young(survivor), O=old, HS=humongous(starts), HC=humongous(continues), CS=collection set, F=free, A=archive, TAMS=top-at-mark-start (previous, next)
|   0|0x0000000080000000, 0x0000000080100000, 0x0000000080100000|100%| O|  |TAMS 0x0000000080100000, 0x0000000080000000| Untracked 
|   1|0x0000000080100000, 0x0000000080200000, 0x0000000080200000|100%| O|  |TAMS 0x0000000080200000, 0x0000000080100000| Untracked 
|   2|0x0000000080200000, 0x0000000080300000, 0x0000000080300000|100%| O|  |TAMS 0x0000000080300000, 0x0000000080200000| Untracked 
|   3|0x0000000080300000, 0x0000000080400000, 0x0000000080400000|100%|HS|  |TAMS 0x0000000080400000, 0x0000000080300000| Complete 
|   4|0x0000000080400000, 0x0000000080500000, 0x0000000080500000|100%|HC|  |TAMS 0x0000000080500000, 0x0000000080400000| Complete 
|   5|0x0000000080500000, 0x0000000080600000, 0x0000000080600000|100%|HC|  |TAMS 0x0000000080600000, 0x0000000080500000| Complete 
|   6|0x0000000080600000, 0x0000000080700000, 0x0000000080700000|100%| O|  |TAMS 0x0000000080700000, 0x0000000080600000| Untracked 
|   7|0x0000000080700000, 0x0000000080800000, 0x0000000080800000|100%| O|  |TAMS 0x0000000080800000, 0x0000000080700000| Untracked 
|   8|0x0000000080800000, 0x0000000080900000, 0x0000000080900000|100%| O|  |TAMS 0x0000000080900000, 0x0000000080800000| Untracked 
|   9|0x0000000080900000, 0x00000000809ffff8, 0x0000000080a00000| 99%| O|  |TAMS 0x00000000809ffff8, 0x0000000080900000| Untracked 
|  10|0x0000000080a00000, 0x0000000080b00000, 0x0000000080b00000|100%| O|  |TAMS 0x0000000080b00000, 0x0000000080a00000| Untracked 
|  11|0x0000000080b00000, 0x0000000080c00000, 0x0000000080c00000|100%| O|  |TAMS 0x0000000080c00000, 0x0000000080b00000| Untracked 
|  12|0x0000000080c00000, 0x0000000080d00000, 0x0000000080d00000|100%| O|  |TAMS 0x0000000080d00000, 0x0000000080c00000| Untracked 
|  13|0x0000000080d00000, 0x0000000080e00000, 0x0000000080e00000|100%| O|  |TAMS 0x0000000080e00000, 0x0000000080d00000| Untracked 
|  14|0x0000000080e00000, 0x0000000080f00000, 0x0000000080f00000|100%| O|  |TAMS 0x0000000080f00000, 0x0000000080e00000| Untracked 
|  15|0x0000000080f00000, 0x0000000081000000, 0x0000000081000000|100%| O|  |TAMS 0x0000000081000000, 0x0000000080f00000| Untracked 
|  16|0x0000000081000000, 0x0000000081100000, 0x0000000081100000|100%|HS|  |TAMS 0x0000000081100000, 0x0000000081000000| Complete 
|  17|0x0000000081100000, 0x0000000081200000, 0x0000000081200000|100%|HC|  |TAMS 0x0000000081200000, 0x0000000081100000| Complete 
|  18|0x0000000081200000, 0x0000000081300000, 0x0000000081300000|100%|HS|  |TAMS 0x0000000081300000, 0x0000000081200000| Complete 
|  19|0x0000000081300000, 0x0000000081400000, 0x0000000081400000|100%|HC|  |TAMS 0x0000000081400000, 0x0000000081300000| Complete 
|  20|0x0000000081400000, 0x0000000081500000, 0x0000000081500000|100%|HC|  |TAMS 0x0000000081500000, 0x0000000081400000| Complete 
|  21|0x0000000081500000, 0x0000000081600000, 0x0000000081600000|100%|HS|  |TAMS 0x0000000081600000, 0x0000000081500000| Complete 
|  22|0x0000000081600000, 0x0000000081700000, 0x0000000081700000|100%|HC|  |TAMS 0x0000000081700000, 0x0000000081600000| Complete 
|  23|0x0000000081700000, 0x0000000081800000, 0x0000000081800000|100%|HC|  |TAMS 0x0000000081800000, 0x0000000081700000| Complete 
|  24|0x0000000081800000, 0x0000000081900000, 0x0000000081900000|100%|HC|  |TAMS 0x0000000081900000, 0x0000000081800000| Complete 
|  25|0x0000000081900000, 0x0000000081a00000, 0x0000000081a00000|100%|HC|  |TAMS 0x0000000081a00000, 0x0000000081900000| Complete 
|  26|0x0000000081a00000, 0x0000000081b00000, 0x0000000081b00000|100%| O|  |TAMS 0x0000000081b00000, 0x0000000081a00000| Untracked 
|  27|0x0000000081b00000, 0x0000000081c00000, 0x0000000081c00000|100%| O|  |TAMS 0x0000000081c00000, 0x0000000081b00000| Untracked 
|  28|0x0000000081c00000, 0x0000000081d00000, 0x0000000081d00000|100%| O|  |TAMS 0x0000000081d00000, 0x0000000081c00000| Untracked 
|  29|0x0000000081d00000, 0x0000000081e00000, 0x0000000081e00000|100%|HS|  |TAMS 0x0000000081e00000, 0x0000000081d00000| Complete 
|  30|0x0000000081e00000, 0x0000000081f00000, 0x0000000081f00000|100%|HC|  |TAMS 0x0000000081f00000, 0x0000000081e00000| Complete 
|  31|0x0000000081f00000, 0x0000000082000000, 0x0000000082000000|100%|HC|  |TAMS 0x0000000082000000, 0x0000000081f00000| Complete 
|  32|0x0000000082000000, 0x0000000082100000, 0x0000000082100000|100%|HC|  |TAMS 0x0000000082100000, 0x0000000082000000| Complete 
|  33|0x0000000082100000, 0x0000000082200000, 0x0000000082200000|100%|HC|  |TAMS 0x0000000082200000, 0x0000000082100000| Complete 
|  34|0x0000000082200000, 0x0000000082300000, 0x0000000082300000|100%|HS|  |TAMS 0x0000000082300000, 0x0000000082200000| Complete 
|  35|0x0000000082300000, 0x0000000082400000, 0x0000000082400000|100%|HC|  |TAMS 0x0000000082400000, 0x0000000082300000| Complete 
|  36|0x0000000082400000, 0x0000000082500000, 0x0000000082500000|100%|HC|  |TAMS 0x0000000082500000, 0x0000000082400000| Complete 
|  37|0x0000000082500000, 0x0000000082600000, 0x0000000082600000|100%| O|  |TAMS 0x0000000082600000, 0x0000000082500000| Untracked 
|  38|0x0000000082600000, 0x0000000082700000, 0x0000000082700000|100%| O|  |TAMS 0x0000000082700000, 0x0000000082600000| Untracked 
|  39|0x0000000082700000, 0x0000000082800000, 0x0000000082800000|100%| O|  |TAMS 0x0000000082800000, 0x0000000082700000| Untracked 
|  40|0x0000000082800000, 0x0000000082900000, 0x0000000082900000|100%| O|  |TAMS 0x0000000082900000, 0x0000000082800000| Untracked 
|  41|0x0000000082900000, 0x0000000082a00000, 0x0000000082a00000|100%|HS|  |TAMS 0x0000000082a00000, 0x0000000082900000| Complete 
|  42|0x0000000082a00000, 0x0000000082b00000, 0x0000000082b00000|100%|HS|  |TAMS 0x0000000082b00000, 0x0000000082a00000| Complete 
|  43|0x0000000082b00000, 0x0000000082c00000, 0x0000000082c00000|100%|HS|  |TAMS 0x0000000082c00000, 0x0000000082b00000| Complete 
|  44|0x0000000082c00000, 0x0000000082d00000, 0x0000000082d00000|100%|HC|  |TAMS 0x0000000082d00000, 0x0000000082c00000| Complete 
|  45|0x0000000082d00000, 0x0000000082e00000, 0x0000000082e00000|100%| O|  |TAMS 0x0000000082e00000, 0x0000000082d00000| Untracked 
|  46|0x0000000082e00000, 0x0000000082f00000, 0x0000000082f00000|100%| O|  |TAMS 0x0000000082f00000, 0x0000000082e00000| Untracked 
|  47|0x0000000082f00000, 0x0000000083000000, 0x0000000083000000|100%| O|  |TAMS 0x0000000083000000, 0x0000000082f00000| Untracked 
|  48|0x0000000083000000, 0x0000000083100000, 0x0000000083100000|100%| O|  |TAMS 0x0000000083100000, 0x0000000083000000| Untracked 
|  49|0x0000000083100000, 0x0000000083200000, 0x0000000083200000|100%| O|  |TAMS 0x0000000083200000, 0x0000000083100000| Untracked 
|  50|0x0000000083200000, 0x0000000083300000, 0x0000000083300000|100%| O|  |TAMS 0x0000000083300000, 0x0000000083200000| Untracked 
|  51|0x0000000083300000, 0x0000000083400000, 0x0000000083400000|100%| O|  |TAMS 0x0000000083400000, 0x0000000083300000| Untracked 
|  52|0x0000000083400000, 0x0000000083500000, 0x0000000083500000|100%| O|  |TAMS 0x0000000083500000, 0x0000000083400000| Untracked 
|  53|0x0000000083500000, 0x0000000083600000, 0x0000000083600000|100%| O|  |TAMS 0x0000000083600000, 0x0000000083500000| Untracked 
|  54|0x0000000083600000, 0x0000000083700000, 0x0000000083700000|100%| O|  |TAMS 0x0000000083700000, 0x0000000083600000| Untracked 
|  55|0x0000000083700000, 0x0000000083800000, 0x0000000083800000|100%| O|  |TAMS 0x0000000083800000, 0x0000000083700000| Untracked 
|  56|0x0000000083800000, 0x0000000083900000, 0x0000000083900000|100%| O|  |TAMS 0x0000000083900000, 0x0000000083800000| Untracked 
|  57|0x0000000083900000, 0x0000000083a00000, 0x0000000083a00000|100%| O|  |TAMS 0x0000000083a00000, 0x0000000083900000| Untracked 
|  58|0x0000000083a00000, 0x0000000083b00000, 0x0000000083b00000|100%| O|  |TAMS 0x0000000083b00000, 0x0000000083a00000| Untracked 
|  59|0x0000000083b00000, 0x0000000083c00000, 0x0000000083c00000|100%| O|  |TAMS 0x0000000083c00000, 0x0000000083b00000| Untracked 
|  60|0x0000000083c00000, 0x0000000083d00000, 0x0000000083d00000|100%| O|  |TAMS 0x0000000083d00000, 0x0000000083c00000| Untracked 
|  61|0x0000000083d00000, 0x0000000083e00000, 0x0000000083e00000|100%| O|  |TAMS 0x0000000083e00000, 0x0000000083d00000| Untracked 
|  62|0x0000000083e00000, 0x0000000083f00000, 0x0000000083f00000|100%| O|  |TAMS 0x0000000083f00000, 0x0000000083e00000| Untracked 
|  63|0x0000000083f00000, 0x0000000084000000, 0x0000000084000000|100%| O|  |TAMS 0x0000000084000000, 0x0000000083f00000| Untracked 
|  64|0x0000000084000000, 0x0000000084100000, 0x0000000084100000|100%| O|  |TAMS 0x0000000084100000, 0x0000000084000000| Untracked 
|  65|0x0000000084100000, 0x0000000084200000, 0x0000000084200000|100%| O|  |TAMS 0x0000000084200000, 0x0000000084100000| Untracked 
|  66|0x0000000084200000, 0x0000000084300000, 0x0000000084300000|100%| O|  |TAMS 0x0000000084300000, 0x0000000084200000| Untracked 
|  67|0x0000000084300000, 0x0000000084400000, 0x0000000084400000|100%| O|  |TAMS 0x0000000084400000, 0x0000000084300000| Untracked 
|  68|0x0000000084400000, 0x0000000084500000, 0x0000000084500000|100%| O|  |TAMS 0x0000000084500000, 0x0000000084400000| Untracked 
|  69|0x0000000084500000, 0x0000000084600000, 0x0000000084600000|100%| O|  |TAMS 0x0000000084600000, 0x0000000084500000| Untracked 
|  70|0x0000000084600000, 0x0000000084700000, 0x0000000084700000|100%| O|  |TAMS 0x0000000084700000, 0x0000000084600000| Untracked 
|  71|0x0000000084700000, 0x0000000084800000, 0x0000000084800000|100%| O|  |TAMS 0x0000000084800000, 0x0000000084700000| Untracked 
|  72|0x0000000084800000, 0x0000000084900000, 0x0000000084900000|100%| O|  |TAMS 0x0000000084900000, 0x0000000084800000| Untracked 
|  73|0x0000000084900000, 0x0000000084a00000, 0x0000000084a00000|100%| O|  |TAMS 0x0000000084a00000, 0x0000000084900000| Untracked 
|  74|0x0000000084a00000, 0x0000000084b00000, 0x0000000084b00000|100%| O|  |TAMS 0x0000000084b00000, 0x0000000084a00000| Untracked 
|  75|0x0000000084b00000, 0x0000000084c00000, 0x0000000084c00000|100%| O|  |TAMS 0x0000000084c00000, 0x0000000084b00000| Untracked 
|  76|0x0000000084c00000, 0x0000000084d00000, 0x0000000084d00000|100%| O|  |TAMS 0x0000000084d00000, 0x0000000084c00000| Untracked 
|  77|0x0000000084d00000, 0x0000000084e00000, 0x0000000084e00000|100%| O|  |TAMS 0x0000000084e00000, 0x0000000084d00000| Untracked 
|  78|0x0000000084e00000, 0x0000000084f00000, 0x0000000084f00000|100%| O|  |TAMS 0x0000000084f00000, 0x0000000084e00000| Untracked 
|  79|0x0000000084f00000, 0x0000000085000000, 0x0000000085000000|100%| O|  |TAMS 0x0000000085000000, 0x0000000084f00000| Untracked 
|  80|0x0000000085000000, 0x0000000085100000, 0x0000000085100000|100%| O|  |TAMS 0x0000000085100000, 0x0000000085000000| Untracked 
|  81|0x0000000085100000, 0x0000000085200000, 0x0000000085200000|100%| O|  |TAMS 0x0000000085200000, 0x0000000085100000| Untracked 
|  82|0x0000000085200000, 0x0000000085300000, 0x0000000085300000|100%| O|  |TAMS 0x0000000085300000, 0x0000000085200000| Untracked 
|  83|0x0000000085300000, 0x0000000085400000, 0x0000000085400000|100%| O|  |TAMS 0x0000000085400000, 0x0000000085300000| Untracked 
|  84|0x0000000085400000, 0x0000000085500000, 0x0000000085500000|100%| O|  |TAMS 0x0000000085500000, 0x0000000085400000| Untracked 
|  85|0x0000000085500000, 0x0000000085600000, 0x0000000085600000|100%| O|  |TAMS 0x0000000085600000, 0x0000000085500000| Untracked 
|  86|0x0000000085600000, 0x0000000085700000, 0x0000000085700000|100%| O|  |TAMS 0x0000000085700000, 0x0000000085600000| Untracked 
|  87|0x0000000085700000, 0x0000000085800000, 0x0000000085800000|100%| O|  |TAMS 0x0000000085800000, 0x0000000085700000| Untracked 
|  88|0x0000000085800000, 0x0000000085900000, 0x0000000085900000|100%| O|  |TAMS 0x0000000085900000, 0x0000000085800000| Untracked 
|  89|0x0000000085900000, 0x0000000085a00000, 0x0000000085a00000|100%| O|  |TAMS 0x0000000085a00000, 0x0000000085900000| Untracked 
|  90|0x0000000085a00000, 0x0000000085b00000, 0x0000000085b00000|100%| O|  |TAMS 0x0000000085b00000, 0x0000000085a00000| Untracked 
|  91|0x0000000085b00000, 0x0000000085c00000, 0x0000000085c00000|100%| O|  |TAMS 0x0000000085c00000, 0x0000000085b00000| Untracked 
|  92|0x0000000085c00000, 0x0000000085d00000, 0x0000000085d00000|100%| O|  |TAMS 0x0000000085d00000, 0x0000000085c00000| Untracked 
|  93|0x0000000085d00000, 0x0000000085d00000, 0x0000000085e00000|  0%| F|  |TAMS 0x0000000085d00000, 0x0000000085d00000| Untracked 
|  94|0x0000000085e00000, 0x0000000085e00000, 0x0000000085f00000|  0%| F|  |TAMS 0x0000000085e00000, 0x0000000085e00000| Untracked 
|  95|0x0000000085f00000, 0x0000000086000000, 0x0000000086000000|100%| O|  |TAMS 0x0000000086000000, 0x0000000085f00000| Untracked 
|  96|0x0000000086000000, 0x0000000086100000, 0x0000000086100000|100%| O|  |TAMS 0x0000000086100000, 0x0000000086000000| Untracked 
|  97|0x0000000086100000, 0x0000000086200000, 0x0000000086200000|100%| O|  |TAMS 0x0000000086200000, 0x0000000086100000| Untracked 
|  98|0x0000000086200000, 0x0000000086300000, 0x0000000086300000|100%| O|  |TAMS 0x0000000086300000, 0x0000000086200000| Untracked 
|  99|0x0000000086300000, 0x0000000086300000, 0x0000000086400000|  0%| F|  |TAMS 0x0000000086300000, 0x0000000086300000| Untracked 
| 100|0x0000000086400000, 0x0000000086500000, 0x0000000086500000|100%| O|  |TAMS 0x0000000086500000, 0x0000000086400000| Untracked 
| 101|0x0000000086500000, 0x0000000086500000, 0x0000000086600000|  0%| F|  |TAMS 0x0000000086500000, 0x0000000086500000| Untracked 
| 102|0x0000000086600000, 0x0000000086600000, 0x0000000086700000|  0%| F|  |TAMS 0x0000000086600000, 0x0000000086600000| Untracked 
| 103|0x0000000086700000, 0x0000000086700000, 0x0000000086800000|  0%| F|  |TAMS 0x0000000086700000, 0x0000000086700000| Untracked 
| 104|0x0000000086800000, 0x0000000086800000, 0x0000000086900000|  0%| F|  |TAMS 0x0000000086800000, 0x0000000086800000| Untracked 
| 105|0x0000000086900000, 0x0000000086900000, 0x0000000086a00000|  0%| F|  |TAMS 0x0000000086900000, 0x0000000086900000| Untracked 
| 106|0x0000000086a00000, 0x0000000086a00000, 0x0000000086b00000|  0%| F|  |TAMS 0x0000000086a00000, 0x0000000086a00000| Untracked 
| 107|0x0000000086b00000, 0x0000000086b00000, 0x0000000086c00000|  0%| F|  |TAMS 0x0000000086b00000, 0x0000000086b00000| Untracked 
| 108|0x0000000086c00000, 0x0000000086c00000, 0x0000000086d00000|  0%| F|  |TAMS 0x0000000086c00000, 0x0000000086c00000| Untracked 
| 109|0x0000000086d00000, 0x0000000086d00000, 0x0000000086e00000|  0%| F|  |TAMS 0x0000000086d00000, 0x0000000086d00000| Untracked 
| 110|0x0000000086e00000, 0x0000000086e00000, 0x0000000086f00000|  0%| F|  |TAMS 0x0000000086e00000, 0x0000000086e00000| Untracked 
| 111|0x0000000086f00000, 0x0000000087000000, 0x0000000087000000|100%| O|  |TAMS 0x0000000087000000, 0x0000000086f00000| Untracked 
| 112|0x0000000087000000, 0x0000000087100000, 0x0000000087100000|100%| O|  |TAMS 0x0000000087100000, 0x0000000087000000| Untracked 
| 113|0x0000000087100000, 0x0000000087200000, 0x0000000087200000|100%| O|  |TAMS 0x0000000087200000, 0x0000000087100000| Untracked 
| 114|0x0000000087200000, 0x0000000087200000, 0x0000000087300000|  0%| F|  |TAMS 0x0000000087200000, 0x0000000087200000| Untracked 
| 115|0x0000000087300000, 0x0000000087300000, 0x0000000087400000|  0%| F|  |TAMS 0x0000000087300000, 0x0000000087300000| Untracked 
| 116|0x0000000087400000, 0x0000000087500000, 0x0000000087500000|100%| O|  |TAMS 0x0000000087500000, 0x0000000087400000| Untracked 
| 117|0x0000000087500000, 0x0000000087600000, 0x0000000087600000|100%| O|  |TAMS 0x0000000087600000, 0x0000000087500000| Untracked 
| 118|0x0000000087600000, 0x0000000087700000, 0x0000000087700000|100%| O|  |TAMS 0x0000000087700000, 0x0000000087600000| Untracked 
| 119|0x0000000087700000, 0x0000000087800000, 0x0000000087800000|100%| O|  |TAMS 0x0000000087800000, 0x0000000087700000| Untracked 
| 120|0x0000000087800000, 0x0000000087900000, 0x0000000087900000|100%| O|  |TAMS 0x0000000087900000, 0x0000000087800000| Untracked 
| 121|0x0000000087900000, 0x0000000087900000, 0x0000000087a00000|  0%| F|  |TAMS 0x0000000087900000, 0x0000000087900000| Untracked 
| 122|0x0000000087a00000, 0x0000000087a00000, 0x0000000087b00000|  0%| F|  |TAMS 0x0000000087a00000, 0x0000000087a00000| Untracked 
| 123|0x0000000087b00000, 0x0000000087b00000, 0x0000000087c00000|  0%| F|  |TAMS 0x0000000087b00000, 0x0000000087b00000| Untracked 
| 124|0x0000000087c00000, 0x0000000087c00000, 0x0000000087d00000|  0%| F|  |TAMS 0x0000000087c00000, 0x0000000087c00000| Untracked 
| 125|0x0000000087d00000, 0x0000000087d00000, 0x0000000087e00000|  0%| F|  |TAMS 0x0000000087d00000, 0x0000000087d00000| Untracked 
| 126|0x0000000087e00000, 0x0000000087e00000, 0x0000000087f00000|  0%| F|  |TAMS 0x0000000087e00000, 0x0000000087e00000| Untracked 
| 127|0x0000000087f00000, 0x0000000088000000, 0x0000000088000000|100%| O|  |TAMS 0x0000000088000000, 0x0000000087f00000| Untracked 
| 128|0x0000000088000000, 0x0000000088100000, 0x0000000088100000|100%| O|  |TAMS 0x0000000088100000, 0x0000000088000000| Untracked 
| 129|0x0000000088100000, 0x0000000088200000, 0x0000000088200000|100%| O|  |TAMS 0x0000000088200000, 0x0000000088100000| Untracked 
| 130|0x0000000088200000, 0x0000000088300000, 0x0000000088300000|100%| O|  |TAMS 0x0000000088300000, 0x0000000088200000| Untracked 
| 131|0x0000000088300000, 0x0000000088300000, 0x0000000088400000|  0%| F|  |TAMS 0x0000000088300000, 0x0000000088300000| Untracked 
| 132|0x0000000088400000, 0x0000000088400000, 0x0000000088500000|  0%| F|  |TAMS 0x0000000088400000, 0x0000000088400000| Untracked 
| 133|0x0000000088500000, 0x00000000885fba00, 0x0000000088600000| 98%| O|  |TAMS 0x0000000088599400, 0x0000000088500000| Untracked 
| 134|0x0000000088600000, 0x0000000088600000, 0x0000000088700000|  0%| F|  |TAMS 0x0000000088600000, 0x0000000088600000| Untracked 
| 135|0x0000000088700000, 0x0000000088700000, 0x0000000088800000|  0%| F|  |TAMS 0x0000000088700000, 0x0000000088700000| Untracked 
| 136|0x0000000088800000, 0x0000000088800000, 0x0000000088900000|  0%| F|  |TAMS 0x0000000088800000, 0x0000000088800000| Untracked 
| 137|0x0000000088900000, 0x0000000088900000, 0x0000000088a00000|  0%| F|  |TAMS 0x0000000088900000, 0x0000000088900000| Untracked 
| 138|0x0000000088a00000, 0x0000000088a00000, 0x0000000088b00000|  0%| F|  |TAMS 0x0000000088a00000, 0x0000000088a00000| Untracked 
| 139|0x0000000088b00000, 0x0000000088b00000, 0x0000000088c00000|  0%| F|  |TAMS 0x0000000088b00000, 0x0000000088b00000| Untracked 
| 140|0x0000000088c00000, 0x0000000088c00000, 0x0000000088d00000|  0%| F|  |TAMS 0x0000000088c00000, 0x0000000088c00000| Untracked 
| 141|0x0000000088d00000, 0x0000000088d00000, 0x0000000088e00000|  0%| F|  |TAMS 0x0000000088d00000, 0x0000000088d00000| Untracked 
| 142|0x0000000088e00000, 0x0000000088e00000, 0x0000000088f00000|  0%| F|  |TAMS 0x0000000088e00000, 0x0000000088e00000| Untracked 
| 143|0x0000000088f00000, 0x0000000088f00000, 0x0000000089000000|  0%| F|  |TAMS 0x0000000088f00000, 0x0000000088f00000| Untracked 
| 144|0x0000000089000000, 0x0000000089000000, 0x0000000089100000|  0%| F|  |TAMS 0x0000000089000000, 0x0000000089000000| Untracked 
| 145|0x0000000089100000, 0x0000000089100000, 0x0000000089200000|  0%| F|  |TAMS 0x0000000089100000, 0x0000000089100000| Untracked 
| 146|0x0000000089200000, 0x0000000089300000, 0x0000000089300000|100%| O|  |TAMS 0x0000000089300000, 0x0000000089200000| Untracked 
| 147|0x0000000089300000, 0x0000000089300000, 0x0000000089400000|  0%| F|  |TAMS 0x0000000089300000, 0x0000000089300000| Untracked 
| 148|0x0000000089400000, 0x0000000089400000, 0x0000000089500000|  0%| F|  |TAMS 0x0000000089400000, 0x0000000089400000| Untracked 
| 149|0x0000000089500000, 0x0000000089500000, 0x0000000089600000|  0%| F|  |TAMS 0x0000000089500000, 0x0000000089500000| Untracked 
| 150|0x0000000089600000, 0x0000000089600000, 0x0000000089700000|  0%| F|  |TAMS 0x0000000089600000, 0x0000000089600000| Untracked 
| 151|0x0000000089700000, 0x0000000089700000, 0x0000000089800000|  0%| F|  |TAMS 0x0000000089700000, 0x0000000089700000| Untracked 
| 152|0x0000000089800000, 0x0000000089800000, 0x0000000089900000|  0%| F|  |TAMS 0x0000000089800000, 0x0000000089800000| Untracked 
| 153|0x0000000089900000, 0x0000000089900000, 0x0000000089a00000|  0%| F|  |TAMS 0x0000000089900000, 0x0000000089900000| Untracked 
| 154|0x0000000089a00000, 0x0000000089a00000, 0x0000000089b00000|  0%| F|  |TAMS 0x0000000089a00000, 0x0000000089a00000| Untracked 
| 155|0x0000000089b00000, 0x0000000089b00000, 0x0000000089c00000|  0%| F|  |TAMS 0x0000000089b00000, 0x0000000089b00000| Untracked 
| 156|0x0000000089c00000, 0x0000000089c00000, 0x0000000089d00000|  0%| F|  |TAMS 0x0000000089c00000, 0x0000000089c00000| Untracked 
| 157|0x0000000089d00000, 0x0000000089d00000, 0x0000000089e00000|  0%| F|  |TAMS 0x0000000089d00000, 0x0000000089d00000| Untracked 
| 158|0x0000000089e00000, 0x0000000089e00000, 0x0000000089f00000|  0%| F|  |TAMS 0x0000000089e00000, 0x0000000089e00000| Untracked 
| 159|0x0000000089f00000, 0x0000000089f00000, 0x000000008a000000|  0%| F|  |TAMS 0x0000000089f00000, 0x0000000089f00000| Untracked 
| 160|0x000000008a000000, 0x000000008a000000, 0x000000008a100000|  0%| F|  |TAMS 0x000000008a000000, 0x000000008a000000| Untracked 
| 161|0x000000008a100000, 0x000000008a100000, 0x000000008a200000|  0%| F|  |TAMS 0x000000008a100000, 0x000000008a100000| Untracked 
| 162|0x000000008a200000, 0x000000008a200000, 0x000000008a300000|  0%| F|  |TAMS 0x000000008a200000, 0x000000008a200000| Untracked 
| 163|0x000000008a300000, 0x000000008a300000, 0x000000008a400000|  0%| F|  |TAMS 0x000000008a300000, 0x000000008a300000| Untracked 
| 164|0x000000008a400000, 0x000000008a400000, 0x000000008a500000|  0%| F|  |TAMS 0x000000008a400000, 0x000000008a400000| Untracked 
| 165|0x000000008a500000, 0x000000008a500000, 0x000000008a600000|  0%| F|  |TAMS 0x000000008a500000, 0x000000008a500000| Untracked 
| 166|0x000000008a600000, 0x000000008a600000, 0x000000008a700000|  0%| F|  |TAMS 0x000000008a600000, 0x000000008a600000| Untracked 
| 167|0x000000008a700000, 0x000000008a700000, 0x000000008a800000|  0%| F|  |TAMS 0x000000008a700000, 0x000000008a700000| Untracked 
| 168|0x000000008a800000, 0x000000008a800000, 0x000000008a900000|  0%| F|  |TAMS 0x000000008a800000, 0x000000008a800000| Untracked 
| 169|0x000000008a900000, 0x000000008a900000, 0x000000008aa00000|  0%| F|  |TAMS 0x000000008a900000, 0x000000008a900000| Untracked 
| 170|0x000000008aa00000, 0x000000008aa00000, 0x000000008ab00000|  0%| F|  |TAMS 0x000000008aa00000, 0x000000008aa00000| Untracked 
| 171|0x000000008ab00000, 0x000000008ab00000, 0x000000008ac00000|  0%| F|  |TAMS 0x000000008ab00000, 0x000000008ab00000| Untracked 
| 172|0x000000008ac00000, 0x000000008ac00000, 0x000000008ad00000|  0%| F|  |TAMS 0x000000008ac00000, 0x000000008ac00000| Untracked 
| 173|0x000000008ad00000, 0x000000008ad00000, 0x000000008ae00000|  0%| F|  |TAMS 0x000000008ad00000, 0x000000008ad00000| Untracked 
| 174|0x000000008ae00000, 0x000000008ae00000, 0x000000008af00000|  0%| F|  |TAMS 0x000000008ae00000, 0x000000008ae00000| Untracked 
| 175|0x000000008af00000, 0x000000008af00000, 0x000000008b000000|  0%| F|  |TAMS 0x000000008af00000, 0x000000008af00000| Untracked 
| 176|0x000000008b000000, 0x000000008b000000, 0x000000008b100000|  0%| F|  |TAMS 0x000000008b000000, 0x000000008b000000| Untracked 
| 177|0x000000008b100000, 0x000000008b100000, 0x000000008b200000|  0%| F|  |TAMS 0x000000008b100000, 0x000000008b100000| Untracked 
| 178|0x000000008b200000, 0x000000008b200000, 0x000000008b300000|  0%| F|  |TAMS 0x000000008b200000, 0x000000008b200000| Untracked 
| 179|0x000000008b300000, 0x000000008b300000, 0x000000008b400000|  0%| F|  |TAMS 0x000000008b300000, 0x000000008b300000| Untracked 
| 180|0x000000008b400000, 0x000000008b400000, 0x000000008b500000|  0%| F|  |TAMS 0x000000008b400000, 0x000000008b400000| Untracked 
| 181|0x000000008b500000, 0x000000008b500000, 0x000000008b600000|  0%| F|  |TAMS 0x000000008b500000, 0x000000008b500000| Untracked 
| 182|0x000000008b600000, 0x000000008b600000, 0x000000008b700000|  0%| F|  |TAMS 0x000000008b600000, 0x000000008b600000| Untracked 
| 183|0x000000008b700000, 0x000000008b700000, 0x000000008b800000|  0%| F|  |TAMS 0x000000008b700000, 0x000000008b700000| Untracked 
| 184|0x000000008b800000, 0x000000008b800000, 0x000000008b900000|  0%| F|  |TAMS 0x000000008b800000, 0x000000008b800000| Untracked 
| 185|0x000000008b900000, 0x000000008b900000, 0x000000008ba00000|  0%| F|  |TAMS 0x000000008b900000, 0x000000008b900000| Untracked 
| 186|0x000000008ba00000, 0x000000008ba00000, 0x000000008bb00000|  0%| F|  |TAMS 0x000000008ba00000, 0x000000008ba00000| Untracked 
| 187|0x000000008bb00000, 0x000000008bb00000, 0x000000008bc00000|  0%| F|  |TAMS 0x000000008bb00000, 0x000000008bb00000| Untracked 
| 188|0x000000008bc00000, 0x000000008bc00000, 0x000000008bd00000|  0%| F|  |TAMS 0x000000008bc00000, 0x000000008bc00000| Untracked 
| 189|0x000000008bd00000, 0x000000008bd00000, 0x000000008be00000|  0%| F|  |TAMS 0x000000008bd00000, 0x000000008bd00000| Untracked 
| 190|0x000000008be00000, 0x000000008be00000, 0x000000008bf00000|  0%| F|  |TAMS 0x000000008be00000, 0x000000008be00000| Untracked 
| 191|0x000000008bf00000, 0x000000008bf00000, 0x000000008c000000|  0%| F|  |TAMS 0x000000008bf00000, 0x000000008bf00000| Untracked 
| 192|0x000000008c000000, 0x000000008c000000, 0x000000008c100000|  0%| F|  |TAMS 0x000000008c000000, 0x000000008c000000| Untracked 
| 193|0x000000008c100000, 0x000000008c100000, 0x000000008c200000|  0%| F|  |TAMS 0x000000008c100000, 0x000000008c100000| Untracked 
| 194|0x000000008c200000, 0x000000008c200000, 0x000000008c300000|  0%| F|  |TAMS 0x000000008c200000, 0x000000008c200000| Untracked 
| 195|0x000000008c300000, 0x000000008c300000, 0x000000008c400000|  0%| F|  |TAMS 0x000000008c300000, 0x000000008c300000| Untracked 
| 196|0x000000008c400000, 0x000000008c400000, 0x000000008c500000|  0%| F|  |TAMS 0x000000008c400000, 0x000000008c400000| Untracked 
| 197|0x000000008c500000, 0x000000008c500000, 0x000000008c600000|  0%| F|  |TAMS 0x000000008c500000, 0x000000008c500000| Untracked 
| 198|0x000000008c600000, 0x000000008c600000, 0x000000008c700000|  0%| F|  |TAMS 0x000000008c600000, 0x000000008c600000| Untracked 
| 199|0x000000008c700000, 0x000000008c700000, 0x000000008c800000|  0%| F|  |TAMS 0x000000008c700000, 0x000000008c700000| Untracked 
| 200|0x000000008c800000, 0x000000008c800000, 0x000000008c900000|  0%| F|  |TAMS 0x000000008c800000, 0x000000008c800000| Untracked 
| 201|0x000000008c900000, 0x000000008c900000, 0x000000008ca00000|  0%| F|  |TAMS 0x000000008c900000, 0x000000008c900000| Untracked 
| 202|0x000000008ca00000, 0x000000008ca00000, 0x000000008cb00000|  0%| F|  |TAMS 0x000000008ca00000, 0x000000008ca00000| Untracked 
| 203|0x000000008cb00000, 0x000000008cb00000, 0x000000008cc00000|  0%| F|  |TAMS 0x000000008cb00000, 0x000000008cb00000| Untracked 
| 204|0x000000008cc00000, 0x000000008cc00000, 0x000000008cd00000|  0%| F|  |TAMS 0x000000008cc00000, 0x000000008cc00000| Untracked 
| 205|0x000000008cd00000, 0x000000008cd00000, 0x000000008ce00000|  0%| F|  |TAMS 0x000000008cd00000, 0x000000008cd00000| Untracked 
| 206|0x000000008ce00000, 0x000000008ce00000, 0x000000008cf00000|  0%| F|  |TAMS 0x000000008ce00000, 0x000000008ce00000| Untracked 
| 207|0x000000008cf00000, 0x000000008cf6c1e8, 0x000000008d000000| 42%| E|  |TAMS 0x000000008cf00000, 0x000000008cf00000| Complete 
| 208|0x000000008d000000, 0x000000008d100000, 0x000000008d100000|100%| E|CS|TAMS 0x000000008d000000, 0x000000008d000000| Complete 
| 209|0x000000008d100000, 0x000000008d200000, 0x000000008d200000|100%| E|CS|TAMS 0x000000008d100000, 0x000000008d100000| Complete 
| 210|0x000000008d200000, 0x000000008d300000, 0x000000008d300000|100%| E|CS|TAMS 0x000000008d200000, 0x000000008d200000| Complete 
| 211|0x000000008d300000, 0x000000008d400000, 0x000000008d400000|100%| E|CS|TAMS 0x000000008d300000, 0x000000008d300000| Complete 
| 212|0x000000008d400000, 0x000000008d500000, 0x000000008d500000|100%| E|CS|TAMS 0x000000008d400000, 0x000000008d400000| Complete 
| 213|0x000000008d500000, 0x000000008d600000, 0x000000008d600000|100%| E|CS|TAMS 0x000000008d500000, 0x000000008d500000| Complete 
| 214|0x000000008d600000, 0x000000008d700000, 0x000000008d700000|100%| E|CS|TAMS 0x000000008d600000, 0x000000008d600000| Complete 
| 215|0x000000008d700000, 0x000000008d800000, 0x000000008d800000|100%| E|CS|TAMS 0x000000008d700000, 0x000000008d700000| Complete 
| 216|0x000000008d800000, 0x000000008d900000, 0x000000008d900000|100%| E|CS|TAMS 0x000000008d800000, 0x000000008d800000| Complete 
| 217|0x000000008d900000, 0x000000008da00000, 0x000000008da00000|100%| E|  |TAMS 0x000000008d900000, 0x000000008d900000| Complete 
| 218|0x000000008da00000, 0x000000008db00000, 0x000000008db00000|100%| E|CS|TAMS 0x000000008da00000, 0x000000008da00000| Complete 
| 219|0x000000008db00000, 0x000000008dc00000, 0x000000008dc00000|100%| E|CS|TAMS 0x000000008db00000, 0x000000008db00000| Complete 
| 220|0x000000008dc00000, 0x000000008dd00000, 0x000000008dd00000|100%| E|CS|TAMS 0x000000008dc00000, 0x000000008dc00000| Complete 
| 221|0x000000008dd00000, 0x000000008de00000, 0x000000008de00000|100%| E|CS|TAMS 0x000000008dd00000, 0x000000008dd00000| Complete 
| 222|0x000000008de00000, 0x000000008df00000, 0x000000008df00000|100%| E|CS|TAMS 0x000000008de00000, 0x000000008de00000| Complete 
| 223|0x000000008df00000, 0x000000008e000000, 0x000000008e000000|100%| E|CS|TAMS 0x000000008df00000, 0x000000008df00000| Complete 
| 224|0x000000008e000000, 0x000000008e100000, 0x000000008e100000|100%| E|CS|TAMS 0x000000008e000000, 0x000000008e000000| Complete 
| 225|0x000000008e100000, 0x000000008e200000, 0x000000008e200000|100%| E|CS|TAMS 0x000000008e100000, 0x000000008e100000| Complete 
| 226|0x000000008e200000, 0x000000008e300000, 0x000000008e300000|100%| E|CS|TAMS 0x000000008e200000, 0x000000008e200000| Complete 
| 227|0x000000008e300000, 0x000000008e400000, 0x000000008e400000|100%| E|CS|TAMS 0x000000008e300000, 0x000000008e300000| Complete 
| 228|0x000000008e400000, 0x000000008e500000, 0x000000008e500000|100%| E|CS|TAMS 0x000000008e400000, 0x000000008e400000| Complete 
| 229|0x000000008e500000, 0x000000008e600000, 0x000000008e600000|100%| E|CS|TAMS 0x000000008e500000, 0x000000008e500000| Complete 
| 230|0x000000008e600000, 0x000000008e700000, 0x000000008e700000|100%| E|CS|TAMS 0x000000008e600000, 0x000000008e600000| Complete 
| 231|0x000000008e700000, 0x000000008e800000, 0x000000008e800000|100%| E|CS|TAMS 0x000000008e700000, 0x000000008e700000| Complete 
| 232|0x000000008e800000, 0x000000008e900000, 0x000000008e900000|100%| E|CS|TAMS 0x000000008e800000, 0x000000008e800000| Complete 
| 233|0x000000008e900000, 0x000000008ea00000, 0x000000008ea00000|100%| E|CS|TAMS 0x000000008e900000, 0x000000008e900000| Complete 
| 234|0x000000008ea00000, 0x000000008eb00000, 0x000000008eb00000|100%| E|CS|TAMS 0x000000008ea00000, 0x000000008ea00000| Complete 
| 235|0x000000008eb00000, 0x000000008ec00000, 0x000000008ec00000|100%| E|CS|TAMS 0x000000008eb00000, 0x000000008eb00000| Complete 
| 236|0x000000008ec00000, 0x000000008ed00000, 0x000000008ed00000|100%| E|CS|TAMS 0x000000008ec00000, 0x000000008ec00000| Complete 
| 237|0x000000008ed00000, 0x000000008ee00000, 0x000000008ee00000|100%| E|CS|TAMS 0x000000008ed00000, 0x000000008ed00000| Complete 
| 238|0x000000008ee00000, 0x000000008ef00000, 0x000000008ef00000|100%| E|CS|TAMS 0x000000008ee00000, 0x000000008ee00000| Complete 
| 239|0x000000008ef00000, 0x000000008f000000, 0x000000008f000000|100%| E|CS|TAMS 0x000000008ef00000, 0x000000008ef00000| Complete 
| 240|0x000000008f000000, 0x000000008f100000, 0x000000008f100000|100%| E|CS|TAMS 0x000000008f000000, 0x000000008f000000| Complete 
| 241|0x000000008f100000, 0x000000008f200000, 0x000000008f200000|100%| E|CS|TAMS 0x000000008f100000, 0x000000008f100000| Complete 
| 242|0x000000008f200000, 0x000000008f300000, 0x000000008f300000|100%| E|CS|TAMS 0x000000008f200000, 0x000000008f200000| Complete 
| 243|0x000000008f300000, 0x000000008f400000, 0x000000008f400000|100%| E|CS|TAMS 0x000000008f300000, 0x000000008f300000| Complete 
| 244|0x000000008f400000, 0x000000008f491bb0, 0x000000008f500000| 56%| S|CS|TAMS 0x000000008f400000, 0x000000008f400000| Complete 
| 245|0x000000008f500000, 0x000000008f600000, 0x000000008f600000|100%| S|CS|TAMS 0x000000008f500000, 0x000000008f500000| Complete 
| 246|0x000000008f600000, 0x000000008f700000, 0x000000008f700000|100%| E|CS|TAMS 0x000000008f600000, 0x000000008f600000| Complete 
| 247|0x000000008f700000, 0x000000008f800000, 0x000000008f800000|100%| E|CS|TAMS 0x000000008f700000, 0x000000008f700000| Complete 
| 248|0x000000008f800000, 0x000000008f900000, 0x000000008f900000|100%| E|CS|TAMS 0x000000008f800000, 0x000000008f800000| Complete 
| 249|0x000000008f900000, 0x000000008fa00000, 0x000000008fa00000|100%| E|CS|TAMS 0x000000008f900000, 0x000000008f900000| Complete 
| 250|0x000000008fa00000, 0x000000008fb00000, 0x000000008fb00000|100%| E|CS|TAMS 0x000000008fa00000, 0x000000008fa00000| Complete 
| 251|0x000000008fb00000, 0x000000008fc00000, 0x000000008fc00000|100%| E|CS|TAMS 0x000000008fb00000, 0x000000008fb00000| Complete 
| 252|0x000000008fc00000, 0x000000008fd00000, 0x000000008fd00000|100%| E|CS|TAMS 0x000000008fc00000, 0x000000008fc00000| Complete 
| 253|0x000000008fd00000, 0x000000008fe00000, 0x000000008fe00000|100%| E|CS|TAMS 0x000000008fd00000, 0x000000008fd00000| Complete 
| 254|0x000000008fe00000, 0x000000008ff00000, 0x000000008ff00000|100%| E|CS|TAMS 0x000000008fe00000, 0x000000008fe00000| Complete 
| 255|0x000000008ff00000, 0x0000000090000000, 0x0000000090000000|100%| E|CS|TAMS 0x000000008ff00000, 0x000000008ff00000| Complete 

Card table byte_map: [0x00000144a9900000,0x00000144a9d00000] _byte_map_base: 0x00000144a9500000

Marking Bits (Prev, Next): (CMBitMap*) 0x000001449694d700, (CMBitMap*) 0x000001449694d6c8
 Prev Bits: [0x00000144ac100000, 0x00000144ae100000)
 Next Bits: [0x00000144aa100000, 0x00000144ac100000)

Polling page: 0x00000144947a0000

Metaspace:

Usage:
  Non-class:    104.02 MB capacity,   102.03 MB ( 98%) used,     1.65 MB (  2%) free+waste,   345.44 KB ( <1%) overhead. 
      Class:     15.52 MB capacity,    14.41 MB ( 93%) used,   985.63 KB (  6%) free+waste,   155.75 KB ( <1%) overhead. 
       Both:    119.54 MB capacity,   116.44 MB ( 97%) used,     2.61 MB (  2%) free+waste,   501.19 KB ( <1%) overhead. 

Virtual space:
  Non-class space:      106.00 MB reserved,     104.21 MB ( 98%) committed 
      Class space:        1.00 GB reserved,      15.63 MB (  2%) committed 
             Both:        1.10 GB reserved,     119.83 MB ( 11%) committed 

Chunk freelists:
   Non-Class:  196.00 KB
       Class:  106.00 KB
        Both:  302.00 KB

MaxMetaspaceSize: 17179869184.00 GB
CompressedClassSpaceSize: 1.00 GB

CodeHeap 'non-profiled nmethods': size=120064Kb used=9817Kb max_used=9817Kb free=110246Kb
 bounds [0x00000144a1eb0000, 0x00000144a2850000, 0x00000144a93f0000]
CodeHeap 'profiled nmethods': size=120000Kb used=34599Kb max_used=34599Kb free=85400Kb
 bounds [0x000001449a980000, 0x000001449cb50000, 0x00000144a1eb0000]
CodeHeap 'non-nmethods': size=5696Kb used=2335Kb max_used=2388Kb free=3360Kb
 bounds [0x000001449a3f0000, 0x000001449a660000, 0x000001449a980000]
 total_blobs=16868 nmethods=15914 adapters=865
 compilation: enabled
              stopped_count=0, restarted_count=0
 full_count=0

Compilation events (20 events):
Event: 306.157 Thread 0x00000144b1265800 15991       2       java.nio.channels.spi.AbstractInterruptibleChannel::end (53 bytes)
Event: 306.158 Thread 0x00000144b1265800 nmethod 15991 0x000001449cb3e010 code [0x000001449cb3e200, 0x000001449cb3e6b8]
Event: 306.161 Thread 0x00000144b1265800 15992       2       com.google.common.primitives.Ints::checkedCast (23 bytes)
Event: 306.161 Thread 0x00000144b1265800 nmethod 15992 0x000001449cb3e890 code [0x000001449cb3ea80, 0x000001449cb3ede8]
Event: 306.164 Thread 0x00000144b1265800 15993       1       com.android.tools.build.apkzlib.zip.ZFile::areTimestampsIgnored (5 bytes)
Event: 306.164 Thread 0x00000144b1265800 nmethod 15993 0x00000144a2831a90 code [0x00000144a2831c40, 0x00000144a2831cf8]
Event: 306.164 Thread 0x00000144b1265800 15994       1       com.android.tools.build.apkzlib.zip.GPFlags::isUtf8FileName (5 bytes)
Event: 306.164 Thread 0x00000144b1265800 nmethod 15994 0x00000144a2831d90 code [0x00000144a2831f40, 0x00000144a2831ff8]
Event: 306.164 Thread 0x00000144b1265800 15995       1       java.nio.charset.CharsetDecoder::averageCharsPerByte (5 bytes)
Event: 306.164 Thread 0x00000144b1265800 nmethod 15995 0x00000144a2832090 code [0x00000144a2832240, 0x00000144a28322f8]
Event: 306.164 Thread 0x00000144b1265800 15996       1       com.android.tools.build.apkzlib.zip.CentralDirectoryHeaderCompressInfo::getMethod (5 bytes)
Event: 306.164 Thread 0x00000144b1265800 nmethod 15996 0x00000144a2832390 code [0x00000144a2832540, 0x00000144a28325f8]
Event: 306.164 Thread 0x00000144b1265800 15997       1       com.android.tools.build.apkzlib.zip.CentralDirectoryHeader::getName (5 bytes)
Event: 306.164 Thread 0x00000144b1265800 nmethod 15997 0x00000144a2832690 code [0x00000144a2832840, 0x00000144a28328f8]
Event: 306.164 Thread 0x00000144b1265800 15998       1       com.android.tools.build.apkzlib.zip.GPFlags::isDeferredCrc (5 bytes)
Event: 306.164 Thread 0x00000144b1265800 nmethod 15998 0x00000144a2832990 code [0x00000144a2832b40, 0x00000144a2832bf8]
Event: 306.167 Thread 0x00000144b1265800 15999       2       java.nio.charset.CharsetDecoder::onMalformedInput (26 bytes)
Event: 306.167 Thread 0x00000144b1265800 nmethod 15999 0x000001449cb3ef90 code [0x000001449cb3f160, 0x000001449cb3f368]
Event: 306.167 Thread 0x00000144b1265800 16000       2       java.nio.charset.CharsetDecoder::implOnMalformedInput (1 bytes)
Event: 306.167 Thread 0x00000144b1265800 nmethod 16000 0x000001449cb3f490 code [0x000001449cb3f640, 0x000001449cb3f738]

GC Heap History (20 events):
Event: 10.946 GC heap before
{Heap before GC invocations=13 (full 0):
 garbage-first heap   total 262144K, used 189800K [0x0000000080000000, 0x0000000100000000)
  region size 1024K, 112 young (114688K), 17 survivors (17408K)
 Metaspace       used 98024K, capacity 100706K, committed 100820K, reserved 1136640K
  class space    used 12545K, capacity 13533K, committed 13568K, reserved 1048576K
}
Event: 10.960 GC heap after
{Heap after GC invocations=14 (full 0):
 garbage-first heap   total 262144K, used 100069K [0x0000000080000000, 0x0000000100000000)
  region size 1024K, 14 young (14336K), 14 survivors (14336K)
 Metaspace       used 98024K, capacity 100706K, committed 100820K, reserved 1136640K
  class space    used 12545K, capacity 13533K, committed 13568K, reserved 1048576K
}
Event: 300.050 GC heap before
{Heap before GC invocations=15 (full 0):
 garbage-first heap   total 262144K, used 206565K [0x0000000080000000, 0x0000000100000000)
  region size 1024K, 119 young (121856K), 14 survivors (14336K)
 Metaspace       used 106830K, capacity 109806K, committed 109908K, reserved 1144832K
  class space    used 13524K, capacity 14621K, committed 14720K, reserved 1048576K
}
Event: 300.061 GC heap after
{Heap after GC invocations=16 (full 0):
 garbage-first heap   total 262144K, used 107237K [0x0000000080000000, 0x0000000100000000)
  region size 1024K, 13 young (13312K), 13 survivors (13312K)
 Metaspace       used 106830K, capacity 109806K, committed 109908K, reserved 1144832K
  class space    used 13524K, capacity 14621K, committed 14720K, reserved 1048576K
}
Event: 301.240 GC heap before
{Heap before GC invocations=16 (full 0):
 garbage-first heap   total 262144K, used 212709K [0x0000000080000000, 0x0000000100000000)
  region size 1024K, 114 young (116736K), 13 survivors (13312K)
 Metaspace       used 109799K, capacity 112946K, committed 113108K, reserved 1146880K
  class space    used 13889K, capacity 15067K, committed 15104K, reserved 1048576K
}
Event: 301.255 GC heap after
{Heap after GC invocations=17 (full 0):
 garbage-first heap   total 262144K, used 127208K [0x0000000080000000, 0x0000000100000000)
  region size 1024K, 15 young (15360K), 15 survivors (15360K)
 Metaspace       used 109799K, capacity 112946K, committed 113108K, reserved 1146880K
  class space    used 13889K, capacity 15067K, committed 15104K, reserved 1048576K
}
Event: 301.315 GC heap before
{Heap before GC invocations=17 (full 0):
 garbage-first heap   total 262144K, used 137448K [0x0000000080000000, 0x0000000100000000)
  region size 1024K, 20 young (20480K), 15 survivors (15360K)
 Metaspace       used 109924K, capacity 113138K, committed 113364K, reserved 1146880K
  class space    used 13896K, capacity 15067K, committed 15104K, reserved 1048576K
}
Event: 301.336 GC heap after
{Heap after GC invocations=18 (full 0):
 garbage-first heap   total 262144K, used 133023K [0x0000000080000000, 0x0000000100000000)
  region size 1024K, 3 young (3072K), 3 survivors (3072K)
 Metaspace       used 109924K, capacity 113138K, committed 113364K, reserved 1146880K
  class space    used 13896K, capacity 15067K, committed 15104K, reserved 1048576K
}
Event: 302.316 GC heap before
{Heap before GC invocations=19 (full 0):
 garbage-first heap   total 262144K, used 181151K [0x0000000080000000, 0x0000000100000000)
  region size 1024K, 48 young (49152K), 3 survivors (3072K)
 Metaspace       used 109698K, capacity 112660K, committed 113364K, reserved 1146880K
  class space    used 13806K, capacity 14899K, committed 15104K, reserved 1048576K
}
Event: 302.320 GC heap after
{Heap after GC invocations=20 (full 0):
 garbage-first heap   total 262144K, used 132345K [0x0000000080000000, 0x0000000100000000)
  region size 1024K, 4 young (4096K), 4 survivors (4096K)
 Metaspace       used 109698K, capacity 112660K, committed 113364K, reserved 1146880K
  class space    used 13806K, capacity 14899K, committed 15104K, reserved 1048576K
}
Event: 302.728 GC heap before
{Heap before GC invocations=20 (full 0):
 garbage-first heap   total 262144K, used 171257K [0x0000000080000000, 0x0000000100000000)
  region size 1024K, 43 young (44032K), 4 survivors (4096K)
 Metaspace       used 109730K, capacity 112730K, committed 113364K, reserved 1146880K
  class space    used 13808K, capacity 14901K, committed 15104K, reserved 1048576K
}
Event: 302.733 GC heap after
{Heap after GC invocations=21 (full 0):
 garbage-first heap   total 262144K, used 136191K [0x0000000080000000, 0x0000000100000000)
  region size 1024K, 7 young (7168K), 7 survivors (7168K)
 Metaspace       used 109730K, capacity 112730K, committed 113364K, reserved 1146880K
  class space    used 13808K, capacity 14901K, committed 15104K, reserved 1048576K
}
Event: 304.004 GC heap before
{Heap before GC invocations=22 (full 0):
 garbage-first heap   total 262144K, used 203775K [0x0000000080000000, 0x0000000100000000)
  region size 1024K, 59 young (60416K), 7 survivors (7168K)
 Metaspace       used 113362K, capacity 116364K, committed 116948K, reserved 1150976K
  class space    used 14080K, capacity 15174K, committed 15360K, reserved 1048576K
}
Event: 304.012 GC heap after
{Heap after GC invocations=23 (full 0):
 garbage-first heap   total 262144K, used 143089K [0x0000000080000000, 0x0000000100000000)
  region size 1024K, 8 young (8192K), 8 survivors (8192K)
 Metaspace       used 113362K, capacity 116364K, committed 116948K, reserved 1150976K
  class space    used 14080K, capacity 15174K, committed 15360K, reserved 1048576K
}
Event: 304.304 GC heap before
{Heap before GC invocations=23 (full 0):
 garbage-first heap   total 262144K, used 194289K [0x0000000080000000, 0x0000000100000000)
  region size 1024K, 59 young (60416K), 8 survivors (8192K)
 Metaspace       used 114204K, capacity 117203K, committed 117844K, reserved 1150976K
  class space    used 14137K, capacity 15239K, committed 15488K, reserved 1048576K
}
Event: 304.308 GC heap after
{Heap after GC invocations=24 (full 0):
 garbage-first heap   total 262144K, used 143448K [0x0000000080000000, 0x0000000100000000)
  region size 1024K, 2 young (2048K), 2 survivors (2048K)
 Metaspace       used 114204K, capacity 117203K, committed 117844K, reserved 1150976K
  class space    used 14137K, capacity 15239K, committed 15488K, reserved 1048576K
}
Event: 305.456 GC heap before
{Heap before GC invocations=25 (full 0):
 garbage-first heap   total 262144K, used 182360K [0x0000000080000000, 0x0000000100000000)
  region size 1024K, 56 young (57344K), 2 survivors (2048K)
 Metaspace       used 117138K, capacity 120101K, committed 120660K, reserved 1155072K
  class space    used 14522K, capacity 15605K, committed 15744K, reserved 1048576K
}
Event: 305.458 GC heap after
{Heap after GC invocations=26 (full 0):
 garbage-first heap   total 262144K, used 127752K [0x0000000080000000, 0x0000000100000000)
  region size 1024K, 2 young (2048K), 2 survivors (2048K)
 Metaspace       used 117138K, capacity 120101K, committed 120660K, reserved 1155072K
  class space    used 14522K, capacity 15605K, committed 15744K, reserved 1048576K
}
Event: 305.558 GC heap before
{Heap before GC invocations=26 (full 0):
 garbage-first heap   total 262144K, used 136968K [0x0000000080000000, 0x0000000100000000)
  region size 1024K, 12 young (12288K), 2 survivors (2048K)
 Metaspace       used 117858K, capacity 120901K, committed 121556K, reserved 1155072K
  class space    used 14605K, capacity 15701K, committed 15872K, reserved 1048576K
}
Event: 305.560 GC heap after
{Heap after GC invocations=27 (full 0):
 garbage-first heap   total 262144K, used 116277K [0x0000000080000000, 0x0000000100000000)
  region size 1024K, 2 young (2048K), 2 survivors (2048K)
 Metaspace       used 117858K, capacity 120901K, committed 121556K, reserved 1155072K
  class space    used 14605K, capacity 15701K, committed 15872K, reserved 1048576K
}

Deoptimization events (20 events):
Event: 306.025 Thread 0x00000144b4c9b000 DEOPT PACKING pc=0x00000144a2488944 sp=0x00000006383fd830
Event: 306.025 Thread 0x00000144b4c9b000 DEOPT UNPACKING pc=0x000001449a4178af sp=0x00000006383fd788 mode 2
Event: 306.026 Thread 0x00000144b4c9d800 Uncommon trap: trap_request=0xffffffde fr.pc=0x00000144a2488944 relative=0x0000000000000284
Event: 306.026 Thread 0x00000144b4c9d800 Uncommon trap: reason=class_check action=maybe_recompile pc=0x00000144a2488944 method=java.util.concurrent.ConcurrentHashMap.get(Ljava/lang/Object;)Ljava/lang/Object; @ 93 c2
Event: 306.026 Thread 0x00000144b4c9d800 DEOPT PACKING pc=0x00000144a2488944 sp=0x00000006385fd910
Event: 306.026 Thread 0x00000144b4c9d800 DEOPT UNPACKING pc=0x000001449a4178af sp=0x00000006385fd868 mode 2
Event: 306.027 Thread 0x00000144b4ab8800 Uncommon trap: trap_request=0xffffff4d fr.pc=0x00000144a2292e5c relative=0x00000000000000bc
Event: 306.027 Thread 0x00000144b4ab8800 Uncommon trap: reason=unstable_if action=reinterpret pc=0x00000144a2292e5c method=jdk.internal.misc.Unsafe.convEndian(ZS)S @ 4 c2
Event: 306.027 Thread 0x00000144b4ab8800 DEOPT PACKING pc=0x00000144a2292e5c sp=0x00000006393fd4c0
Event: 306.027 Thread 0x00000144b4ab8800 DEOPT UNPACKING pc=0x000001449a4178af sp=0x00000006393fd380 mode 2
Event: 306.030 Thread 0x00000144b4c9b000 DEOPT PACKING pc=0x000001449cb1b744 sp=0x00000006383fd310
Event: 306.030 Thread 0x00000144b4c9b000 DEOPT UNPACKING pc=0x000001449a4176ce sp=0x00000006383fc8b0 mode 0
Event: 306.091 Thread 0x00000144b3c1a800 DEOPT PACKING pc=0x000001449cb1b744 sp=0x0000000637efd7e0
Event: 306.091 Thread 0x00000144b3c1a800 DEOPT UNPACKING pc=0x000001449a4176ce sp=0x0000000637efcd80 mode 0
Event: 306.132 Thread 0x00000144b4ab6800 Uncommon trap: trap_request=0xffffff4d fr.pc=0x00000144a1f2a768 relative=0x0000000000000dc8
Event: 306.133 Thread 0x00000144b4ab6800 Uncommon trap: reason=unstable_if action=reinterpret pc=0x00000144a1f2a768 method=java.io.BufferedReader.readLine(Z)Ljava/lang/String; @ 192 c2
Event: 306.133 Thread 0x00000144b4ab6800 DEOPT PACKING pc=0x00000144a1f2a768 sp=0x0000000639afdae0
Event: 306.133 Thread 0x00000144b4ab6800 DEOPT UNPACKING pc=0x000001449a4178af sp=0x0000000639afda98 mode 2
Event: 306.145 Thread 0x00000144b4ab6800 DEOPT PACKING pc=0x000001449cb30ce3 sp=0x0000000639afda50
Event: 306.145 Thread 0x00000144b4ab6800 DEOPT UNPACKING pc=0x000001449a4176ce sp=0x0000000639afcf90 mode 0

Classes redefined (0 events):
No events

Internal exceptions (20 events):
Event: 301.222 Thread 0x00000144b2b75000 Exception <a 'java/lang/NoSuchMethodError'{0x0000000089d28888}: <clinit>> (0x0000000089d28888) thrown at [./src/hotspot/share/prims/jni.cpp, line 1362]
Event: 301.223 Thread 0x00000144b2b75000 Exception <a 'java/lang/NoSuchMethodError'{0x0000000089d40be0}: <clinit>> (0x0000000089d40be0) thrown at [./src/hotspot/share/prims/jni.cpp, line 1362]
Event: 301.223 Thread 0x00000144b2b75000 Exception <a 'java/lang/NoSuchMethodError'{0x0000000089d583f0}: <clinit>> (0x0000000089d583f0) thrown at [./src/hotspot/share/prims/jni.cpp, line 1362]
Event: 301.224 Thread 0x00000144b2b75000 Exception <a 'java/lang/NoSuchMethodError'{0x0000000089d6d0f8}: <clinit>> (0x0000000089d6d0f8) thrown at [./src/hotspot/share/prims/jni.cpp, line 1362]
Event: 301.227 Thread 0x00000144b2b75000 Exception <a 'java/lang/NoSuchMethodError'{0x0000000089d8fd58}: <clinit>> (0x0000000089d8fd58) thrown at [./src/hotspot/share/prims/jni.cpp, line 1362]
Event: 301.229 Thread 0x00000144b2b75000 Exception <a 'java/lang/NoSuchMethodError'{0x0000000089db55b0}: <clinit>> (0x0000000089db55b0) thrown at [./src/hotspot/share/prims/jni.cpp, line 1362]
Event: 301.229 Thread 0x00000144b2b75000 Exception <a 'java/lang/NoSuchMethodError'{0x0000000089dc9e10}: <clinit>> (0x0000000089dc9e10) thrown at [./src/hotspot/share/prims/jni.cpp, line 1362]
Event: 302.796 Thread 0x00000144b2b75000 Implicit null exception at 0x00000144a26ca60d to 0x00000144a26cf5cc
Event: 303.045 Thread 0x00000144b2b75000 Exception <a 'java/lang/NoSuchMethodError'{0x000000008fc74950}: <clinit>> (0x000000008fc74950) thrown at [./src/hotspot/share/prims/jni.cpp, line 1362]
Event: 304.342 Thread 0x00000144b4ca5800 Exception <a 'sun/nio/fs/WindowsException'{0x000000008fc65b30}> (0x000000008fc65b30) thrown at [./src/hotspot/share/prims/jni.cpp, line 615]
Event: 304.342 Thread 0x00000144b4ca5800 Exception <a 'sun/nio/fs/WindowsException'{0x000000008fc669d0}> (0x000000008fc669d0) thrown at [./src/hotspot/share/prims/jni.cpp, line 615]
Event: 304.342 Thread 0x00000144b4ca5800 Exception <a 'sun/nio/fs/WindowsException'{0x000000008fc66c78}> (0x000000008fc66c78) thrown at [./src/hotspot/share/prims/jni.cpp, line 615]
Event: 304.342 Thread 0x00000144b4ca5800 Exception <a 'sun/nio/fs/WindowsException'{0x000000008fc67ae0}> (0x000000008fc67ae0) thrown at [./src/hotspot/share/prims/jni.cpp, line 615]
Event: 304.342 Thread 0x00000144b4ca5800 Exception <a 'sun/nio/fs/WindowsException'{0x000000008fc67d68}> (0x000000008fc67d68) thrown at [./src/hotspot/share/prims/jni.cpp, line 615]
Event: 304.342 Thread 0x00000144b4ca5800 Exception <a 'sun/nio/fs/WindowsException'{0x000000008fc68ec0}> (0x000000008fc68ec0) thrown at [./src/hotspot/share/prims/jni.cpp, line 615]
Event: 305.943 Thread 0x00000144b3c14800 Exception <a 'java/lang/NoSuchMethodError'{0x000000008e712090}: 'int java.lang.invoke.DirectMethodHandle$Holder.invokeSpecial(java.lang.Object, java.lang.Object, java.lang.Object, java.lang.Object, java.lang.Object)'> (0x000000008e712090) thrown at [./src/hotspot/share/interpreter/linkResolver.cpp, line 773]
Event: 305.954 Thread 0x00000144b3c14800 Exception <a 'sun/nio/fs/WindowsException'{0x000000008e753980}> (0x000000008e753980) thrown at [./src/hotspot/share/prims/jni.cpp, line 615]
Event: 305.954 Thread 0x00000144b3c14800 Exception <a 'sun/nio/fs/WindowsException'{0x000000008e754fc8}> (0x000000008e754fc8) thrown at [./src/hotspot/share/prims/jni.cpp, line 615]
Event: 305.968 Thread 0x00000144b4ab8800 Exception <a 'sun/nio/fs/WindowsException'{0x000000008e6261d8}> (0x000000008e6261d8) thrown at [./src/hotspot/share/prims/jni.cpp, line 615]
Event: 305.968 Thread 0x00000144b4ab8800 Exception <a 'sun/nio/fs/WindowsException'{0x000000008e626468}> (0x000000008e626468) thrown at [./src/hotspot/share/prims/jni.cpp, line 615]

Events (20 events):
Event: 306.114 loading class com/android/build/gradle/internal/tasks/CheckDuplicatesParams
Event: 306.114 loading class com/android/build/gradle/internal/tasks/CheckDuplicatesParams done
Event: 306.119 loading class com/android/build/gradle/internal/tasks/CheckDuplicateClassesDelegate
Event: 306.119 loading class com/android/build/gradle/internal/tasks/CheckDuplicateClassesDelegate done
Event: 306.120 loading class kotlin/io/FilesKt__FileReadWriteKt$readLines$1
Event: 306.120 loading class kotlin/io/FilesKt__FileReadWriteKt$readLines$1 done
Event: 306.120 loading class kotlin/io/LinesSequence
Event: 306.120 loading class kotlin/io/LinesSequence done
Event: 306.124 loading class kotlin/sequences/ConstrainedOnceSequence
Event: 306.124 loading class kotlin/sequences/ConstrainedOnceSequence done
Event: 306.126 loading class kotlin/io/LinesSequence$iterator$1
Event: 306.126 loading class kotlin/io/LinesSequence$iterator$1 done
Event: 306.132 Executing VM operation: RevokeBias
Event: 306.133 Executing VM operation: RevokeBias done
Event: 306.133 Executing VM operation: RevokeBias
Event: 306.133 Executing VM operation: RevokeBias done
Event: 306.143 Executing VM operation: RevokeBias
Event: 306.143 Executing VM operation: RevokeBias done
Event: 306.151 Executing VM operation: RevokeBias
Event: 306.151 Executing VM operation: RevokeBias done


Dynamic libraries:
0x00007ff6a3ef0000 - 0x00007ff6a3efa000 	C:\AndroidStudio\jre\bin\java.exe
0x00007ffc8e990000 - 0x00007ffc8eb7d000 	C:\Windows\SYSTEM32\ntdll.dll
0x00007ffc8e470000 - 0x00007ffc8e523000 	C:\Windows\System32\KERNEL32.DLL
0x00007ffc8aa70000 - 0x00007ffc8ad05000 	C:\Windows\System32\KERNELBASE.dll
0x00007ffc8b810000 - 0x00007ffc8b90a000 	C:\Windows\System32\ucrtbase.dll
0x00007ffc76a40000 - 0x00007ffc76a57000 	C:\AndroidStudio\jre\bin\VCRUNTIME140.dll
0x00007ffc72030000 - 0x00007ffc72049000 	C:\AndroidStudio\jre\bin\jli.dll
0x00007ffc8e2d0000 - 0x00007ffc8e468000 	C:\Windows\System32\USER32.dll
0x00007ffc8ad10000 - 0x00007ffc8ad30000 	C:\Windows\System32\win32u.dll
0x00007ffc761b0000 - 0x00007ffc76429000 	C:\Windows\WinSxS\amd64_microsoft.windows.common-controls_6595b64144ccf1df_6.0.17763.2061_none_de73cf545348ec45\COMCTL32.dll
0x00007ffc8e890000 - 0x00007ffc8e8b9000 	C:\Windows\System32\GDI32.dll
0x00007ffc8be20000 - 0x00007ffc8bebe000 	C:\Windows\System32\msvcrt.dll
0x00007ffc8ae70000 - 0x00007ffc8b00c000 	C:\Windows\System32\gdi32full.dll
0x00007ffc8c340000 - 0x00007ffc8c66d000 	C:\Windows\System32\combase.dll
0x00007ffc8add0000 - 0x00007ffc8ae70000 	C:\Windows\System32\msvcp_win.dll
0x00007ffc8bc50000 - 0x00007ffc8bd6f000 	C:\Windows\System32\RPCRT4.dll
0x00007ffc8bb00000 - 0x00007ffc8bb82000 	C:\Windows\System32\bcryptPrimitives.dll
0x00007ffc8e850000 - 0x00007ffc8e87e000 	C:\Windows\System32\IMM32.DLL
0x00007ffc506b0000 - 0x00007ffc5074d000 	C:\AndroidStudio\jre\bin\msvcp140.dll
0x00007ffc4ccb0000 - 0x00007ffc4d77f000 	C:\AndroidStudio\jre\bin\server\jvm.dll
0x00007ffc8c670000 - 0x00007ffc8c714000 	C:\Windows\System32\ADVAPI32.dll
0x00007ffc8bfa0000 - 0x00007ffc8c03e000 	C:\Windows\System32\sechost.dll
0x00007ffc8cba0000 - 0x00007ffc8cba8000 	C:\Windows\System32\PSAPI.DLL
0x00007ffc7a080000 - 0x00007ffc7a089000 	C:\Windows\SYSTEM32\WSOCK32.dll
0x00007ffc8cbb0000 - 0x00007ffc8cc1d000 	C:\Windows\System32\WS2_32.dll
0x00007ffc88ad0000 - 0x00007ffc88af4000 	C:\Windows\SYSTEM32\WINMM.dll
0x00007ffc85970000 - 0x00007ffc8597a000 	C:\Windows\SYSTEM32\VERSION.dll
0x00007ffc889b0000 - 0x00007ffc889dd000 	C:\Windows\SYSTEM32\WINMMBASE.dll
0x00007ffc8ad30000 - 0x00007ffc8ad7a000 	C:\Windows\System32\cfgmgr32.dll
0x00007ffc8a9a0000 - 0x00007ffc8a9b1000 	C:\Windows\System32\kernel.appcore.dll
0x00007ffc79590000 - 0x00007ffc795a1000 	C:\AndroidStudio\jre\bin\verify.dll
0x00007ffc74a00000 - 0x00007ffc74bed000 	C:\Windows\SYSTEM32\DBGHELP.DLL
0x00007ffc70860000 - 0x00007ffc7088a000 	C:\Windows\SYSTEM32\dbgcore.DLL
0x00007ffc740d0000 - 0x00007ffc740f9000 	C:\AndroidStudio\jre\bin\java.dll
0x00007ffc7a050000 - 0x00007ffc7a05b000 	C:\AndroidStudio\jre\bin\jimage.dll
0x00007ffc78230000 - 0x00007ffc78248000 	C:\AndroidStudio\jre\bin\zip.dll
0x00007ffc8cca0000 - 0x00007ffc8e199000 	C:\Windows\System32\SHELL32.dll
0x00007ffc8bd70000 - 0x00007ffc8be18000 	C:\Windows\System32\shcore.dll
0x00007ffc8b0c0000 - 0x00007ffc8b80b000 	C:\Windows\System32\windows.storage.dll
0x00007ffc8a9e0000 - 0x00007ffc8aa04000 	C:\Windows\System32\profapi.dll
0x00007ffc8aa10000 - 0x00007ffc8aa6d000 	C:\Windows\System32\powrprof.dll
0x00007ffc8c2e0000 - 0x00007ffc8c332000 	C:\Windows\System32\shlwapi.dll
0x00007ffc8adb0000 - 0x00007ffc8adc7000 	C:\Windows\System32\cryptsp.dll
0x00007ffc74800000 - 0x00007ffc7481a000 	C:\AndroidStudio\jre\bin\net.dll
0x00007ffc86240000 - 0x00007ffc86331000 	C:\Windows\SYSTEM32\WINHTTP.dll
0x00007ffc8a1d0000 - 0x00007ffc8a237000 	C:\Windows\system32\mswsock.dll
0x00007ffc740b0000 - 0x00007ffc740c4000 	C:\AndroidStudio\jre\bin\nio.dll
0x00007ffc74170000 - 0x00007ffc74197000 	C:\Users\Sergey\.gradle\native\8bec1ad78214c89d9ad589b4d07fe93259594b29d510b10fafb7a158f7737e5d\windows-amd64\native-platform.dll
0x00007ffc508f0000 - 0x00007ffc50a2d000 	C:\Users\Sergey\.gradle\native\53dbd7edfb1c66fb8903c78663c9afc45aea4f116125fa6feffd364cf09443e8\windows-amd64\native-platform-file-events.dll
0x00007ffc79270000 - 0x00007ffc7927a000 	C:\AndroidStudio\jre\bin\management.dll
0x00007ffc740a0000 - 0x00007ffc740ac000 	C:\AndroidStudio\jre\bin\management_ext.dll
0x00007ffc89d60000 - 0x00007ffc89d93000 	C:\Windows\system32\rsaenh.dll
0x00007ffc8ad80000 - 0x00007ffc8ada6000 	C:\Windows\System32\bcrypt.dll
0x00007ffc8a8d0000 - 0x00007ffc8a8f9000 	C:\Windows\SYSTEM32\USERENV.dll
0x00007ffc8a3a0000 - 0x00007ffc8a3ac000 	C:\Windows\SYSTEM32\CRYPTBASE.dll
0x00007ffc89ef0000 - 0x00007ffc89f2d000 	C:\Windows\SYSTEM32\IPHLPAPI.DLL
0x00007ffc8e880000 - 0x00007ffc8e888000 	C:\Windows\System32\NSI.dll
0x00007ffc84fb0000 - 0x00007ffc84fc6000 	C:\Windows\SYSTEM32\dhcpcsvc6.DLL
0x00007ffc84f90000 - 0x00007ffc84fac000 	C:\Windows\SYSTEM32\dhcpcsvc.DLL
0x00007ffc89f30000 - 0x00007ffc89ff6000 	C:\Windows\SYSTEM32\DNSAPI.dll

dbghelp: loaded successfully - version: 4.0.5 - missing functions: none
symbol engine: initialized successfully - sym options: 0x614 - pdb path: .;C:\AndroidStudio\jre\bin;C:\Windows\SYSTEM32;C:\Windows\WinSxS\amd64_microsoft.windows.common-controls_6595b64144ccf1df_6.0.17763.2061_none_de73cf545348ec45;C:\AndroidStudio\jre\bin\server;C:\Users\Sergey\.gradle\native\8bec1ad78214c89d9ad589b4d07fe93259594b29d510b10fafb7a158f7737e5d\windows-amd64;C:\Users\Sergey\.gradle\native\53dbd7edfb1c66fb8903c78663c9afc45aea4f116125fa6feffd364cf09443e8\windows-amd64

VM Arguments:
jvm_args: --add-opens=java.base/java.util=ALL-UNNAMED --add-opens=java.base/java.lang=ALL-UNNAMED --add-opens=java.base/java.lang.invoke=ALL-UNNAMED --add-opens=java.base/java.util=ALL-UNNAMED --add-opens=java.prefs/java.util.prefs=ALL-UNNAMED --add-opens=java.prefs/java.util.prefs=ALL-UNNAMED --add-opens=java.base/java.nio.charset=ALL-UNNAMED --add-opens=java.base/java.net=ALL-UNNAMED --add-opens=java.base/java.util.concurrent.atomic=ALL-UNNAMED -Xmx2048m -Dfile.encoding=UTF-8 -Duser.country=US -Duser.language=en -Duser.variant 
java_command: org.gradle.launcher.daemon.bootstrap.GradleDaemon 7.0.2
java_class_path (initial): C:\Users\Sergey\.gradle\wrapper\dists\gradle-7.0.2-bin\857tjihv64xamwrf0h14cai3r\gradle-7.0.2\lib\gradle-launcher-7.0.2.jar
Launcher Type: SUN_STANDARD

[Global flags]
     intx CICompilerCount                          = 3                                         {product} {ergonomic}
     uint ConcGCThreads                            = 2                                         {product} {ergonomic}
     uint G1ConcRefinementThreads                  = 6                                         {product} {ergonomic}
   size_t G1HeapRegionSize                         = 1048576                                   {product} {ergonomic}
    uintx GCDrainStackTargetSize                   = 64                                        {product} {ergonomic}
   size_t InitialHeapSize                          = 268435456                                 {product} {ergonomic}
   size_t MarkStackSize                            = 4194304                                   {product} {ergonomic}
   size_t MaxHeapSize                              = 2147483648                                {product} {command line}
   size_t MaxNewSize                               = 1287651328                                {product} {ergonomic}
   size_t MinHeapDeltaBytes                        = 1048576                                   {product} {ergonomic}
    uintx NonNMethodCodeHeapSize                   = 5830732                                {pd product} {ergonomic}
    uintx NonProfiledCodeHeapSize                  = 122913754                              {pd product} {ergonomic}
    uintx ProfiledCodeHeapSize                     = 122913754                              {pd product} {ergonomic}
    uintx ReservedCodeCacheSize                    = 251658240                              {pd product} {ergonomic}
     bool SegmentedCodeCache                       = true                                      {product} {ergonomic}
     bool UseCompressedClassPointers               = true                                 {lp64_product} {ergonomic}
     bool UseCompressedOops                        = true                                 {lp64_product} {ergonomic}
     bool UseG1GC                                  = true                                      {product} {ergonomic}
     bool UseLargePagesIndividualAllocation        = false                                  {pd product} {ergonomic}

Logging:
Log output configuration:
 #0: stdout all=warning uptime,level,tags
 #1: stderr all=off uptime,level,tags

Environment Variables:
PATH=C:\Windows\system32;C:\Windows;C:\Windows\System32\Wbem;C:\Windows\System32\WindowsPowerShell\v1.0\;C:\Program Files\NVIDIA Corporation\NVIDIA NvDLISR;C:\Program Files (x86)\NVIDIA Corporation\PhysX\Common;C:\Program Files\Git\cmd;C:\Users\Sergey\AppData\Local\Microsoft\WindowsApps;
USERNAME=Sergey
OS=Windows_NT
PROCESSOR_IDENTIFIER=Intel64 Family 6 Model 158 Stepping 10, GenuineIntel



---------------  S Y S T E M  ---------------

OS: Windows 10 , 64 bit Build 17763 (10.0.17763.2028)
OS uptime: 0 days 4:16 hours

CPU:total 6 (initial active 6) (6 cores per cpu, 1 threads per core) family 6 model 158 stepping 10 microcode 0xb4, cmov, cx8, fxsr, mmx, sse, sse2, sse3, ssse3, sse4.1, sse4.2, popcnt, avx, avx2, aes, clmul, erms, 3dnowpref, lzcnt, tsc, tscinvbit, bmi1, bmi2, adx, fma

Memory: 4k page, system-wide physical 16300M (3112M free)
TotalPageFile size 18348M (AvailPageFile size 3M)
current process WorkingSet (physical memory assigned to process): 576M, peak: 584M
current process commit charge ("private bytes"): 616M, peak: 623M

vm_info: OpenJDK 64-Bit Server VM (11.0.10+0-b96-7249189) for windows-amd64 JRE (11.0.10+0-b96-7249189), built on Mar 31 2021 21:44:00 by "builder" with MS VC++ 14.0 (VS2015)

END.
